
                           Design Compiler Graphical 
                                 DC Ultra (TM)
                                  DFTMAX (TM)
                              Power Compiler (TM)
                                 DesignWare (R)
                                 DC Expert (TM)
                               Design Vision (TM)
                               HDL Compiler (TM)
                               VHDL Compiler (TM)
                                  DFT Compiler
                               Design Compiler(R)

               Version Q-2019.12-SP3 for linux64 - Apr 21, 2020 

                    Copyright (c) 1988 - 2020 Synopsys, Inc.
   This software and the associated documentation are proprietary to Synopsys,
 Inc. This software may only be used in accordance with the terms and conditions
 of a written license agreement with Synopsys, Inc. All other use, reproduction,
            or distribution of this software is strictly prohibited.
Initializing...
# ECE552 Extra Credit
read_file -format sverilog {mul_border.sv}
Loading db file '/cae/apps/data/tsmclibs-2013/digital/Front_End/timing_power_noise/NLDM/tcbn40lpbwp_120b/tcbn40lpbwptc.db'
Loading db file '/cae/apps/data/tsmclibs-2013/digital/Front_End/timing_power_noise/NLDM/tpfn45gsgv18_120a/tpfn45gsgv18tc.db'
Loading db file '/cae/apps/data/synopsys-2020/syn/Q-2019.12-SP3/libraries/syn/gtech.db'
Loading db file '/cae/apps/data/synopsys-2020/syn/Q-2019.12-SP3/libraries/syn/standard.sldb'
  Loading link library 'tcbn40lpbwptc'
  Loading link library 'tpfn45gsgv18tc'
  Loading link library 'gtech'
Detecting input file type automatically (-rtl or -netlist).
Reading with Presto HDL Compiler (equivalent to -rtl option).
Running PRESTO HDLC
Compiling source file /filespace/d/dwu94/Project/uSystolic-Sim/synthesis/16bit/binaryserial/mul_border.sv

Inferred memory devices in process
	in routine mul_border line 16 in file
		'/filespace/d/dwu94/Project/uSystolic-Sim/synthesis/16bit/binaryserial/mul_border.sv'.
===============================================================================
|    Register Name    |   Type    | Width | Bus | MB | AR | AS | SR | SS | ST |
===============================================================================
|       cnt_reg       | Flip-flop |   4   |  Y  | N  | Y  | N  | N  | N  | N  |
===============================================================================
Statistics for MUX_OPs
======================================================
| block name/line  | Inputs | Outputs | # sel inputs |
======================================================
|  mul_border/28   |   16   |    1    |      4       |
======================================================
Presto compilation completed successfully.
Loaded 1 design.
Current design is 'mul_border'.
mul_border
set current_design mul_border
mul_border
link

  Linking design 'mul_border'
  Using the following designs and libraries:
  --------------------------------------------------------------------------
  mul_border                  /filespace/d/dwu94/Project/uSystolic-Sim/synthesis/16bit/binaryserial/mul_border.db
  tcbn40lpbwptc (library)     /cae/apps/data/tsmclibs-2013/digital/Front_End/timing_power_noise/NLDM/tcbn40lpbwp_120b/tcbn40lpbwptc.db
  tpfn45gsgv18tc (library)    /cae/apps/data/tsmclibs-2013/digital/Front_End/timing_power_noise/NLDM/tpfn45gsgv18_120a/tpfn45gsgv18tc.db

1
###########################################
# Define clock and set don't mess with it #
###########################################
# clk with frequency of 400 MHz
create_clock -name "clk" -period 2.5 -waveform { 0 1.25 } { clk }
1
set_dont_touch_network [find port clk]
1
# pointer to all inputs except clk
set prim_inputs [remove_from_collection [all_inputs] [find port clk]]
{rst_n clr i_data0[15] i_data0[14] i_data0[13] i_data0[12] i_data0[11] i_data0[10] i_data0[9] i_data0[8] i_data0[7] i_data0[6] i_data0[5] i_data0[4] i_data0[3] i_data0[2] i_data0[1] i_data0[0] i_data1[15] i_data1[14] i_data1[13] i_data1[12] i_data1[11] i_data1[10] i_data1[9] i_data1[8] i_data1[7] i_data1[6] i_data1[5] i_data1[4] i_data1[3] i_data1[2] i_data1[1] i_data1[0] o_data_last[31] o_data_last[30] o_data_last[29] o_data_last[28] o_data_last[27] o_data_last[26] o_data_last[25] o_data_last[24] o_data_last[23] o_data_last[22] o_data_last[21] o_data_last[20] o_data_last[19] o_data_last[18] o_data_last[17] o_data_last[16] o_data_last[15] o_data_last[14] o_data_last[13] o_data_last[12] o_data_last[11] o_data_last[10] o_data_last[9] o_data_last[8] o_data_last[7] o_data_last[6] o_data_last[5] o_data_last[4] o_data_last[3] o_data_last[2] o_data_last[1] o_data_last[0]}
# pointer to all inputs except clk and rst_n
set prim_inputs_no_rst [remove_from_collection $prim_inputs [find port rst_n]]
{clr i_data0[15] i_data0[14] i_data0[13] i_data0[12] i_data0[11] i_data0[10] i_data0[9] i_data0[8] i_data0[7] i_data0[6] i_data0[5] i_data0[4] i_data0[3] i_data0[2] i_data0[1] i_data0[0] i_data1[15] i_data1[14] i_data1[13] i_data1[12] i_data1[11] i_data1[10] i_data1[9] i_data1[8] i_data1[7] i_data1[6] i_data1[5] i_data1[4] i_data1[3] i_data1[2] i_data1[1] i_data1[0] o_data_last[31] o_data_last[30] o_data_last[29] o_data_last[28] o_data_last[27] o_data_last[26] o_data_last[25] o_data_last[24] o_data_last[23] o_data_last[22] o_data_last[21] o_data_last[20] o_data_last[19] o_data_last[18] o_data_last[17] o_data_last[16] o_data_last[15] o_data_last[14] o_data_last[13] o_data_last[12] o_data_last[11] o_data_last[10] o_data_last[9] o_data_last[8] o_data_last[7] o_data_last[6] o_data_last[5] o_data_last[4] o_data_last[3] o_data_last[2] o_data_last[1] o_data_last[0]}
# Set clk uncertainty (skew)
set_clock_uncertainty 0.15 clk
1
#########################################
# Set input delay & drive on all inputs #
#########################################
set_input_delay -clock clk 0.25 [copy_collection $prim_inputs]
1
#set_driving_cell -lib_cell ND2D2BWP -library tcbn40lpbwptc $prim_inputs_no_rst
# rst_n goes to many places so don't touch
set_dont_touch_network [find port rst_n]
1
##########################################
# Set output delay & load on all outputs #
##########################################
set_output_delay -clock clk 0.5 [all_outputs]
1
set_load 0.1 [all_outputs]
1
#############################################################
# Wire load model allows it to estimate internal parasitics #
#############################################################
set_wire_load_model -name TSMC32K_Lowk_Conservative -library tcbn40lpbwptc
1
######################################################
# Max transition time is important for Hot-E reasons #
######################################################
set_max_transition 0.1 [current_design]
1
########################################
# Now actually synthesize for 1st time #
########################################
compile -map_effort medium
Warning: Setting attribute 'fix_multiple_port_nets' on design 'mul_border'. (UIO-59)
Information: Evaluating DesignWare library utilization. (UISN-27)

============================================================================
| DesignWare Building Block Library  |         Version         | Available |
============================================================================
| Basic DW Building Blocks           | Q-2019.12-DWBB_201912.3 |     *     |
| Licensed DW Building Blocks        |                         |           |
============================================================================


Information: There are 2 potential problems in your design. Please run 'check_design' for more information. (LINT-99)


Warning: IO pad 'PVSS3DGZ' is unusable: unknown logic function.  (OPT-1022)
Warning: IO pad 'PVSS2DGZ' is unusable: unknown logic function.  (OPT-1022)
Warning: IO pad 'PVSS2ANA' is unusable: unknown logic function.  (OPT-1022)
Warning: IO pad 'PVSS1DGZ' is unusable: unknown logic function.  (OPT-1022)
Warning: IO pad 'PVSS1ANA' is unusable: unknown logic function.  (OPT-1022)
Warning: IO pad 'PVDD2POC' is unusable: unknown logic function.  (OPT-1022)
Warning: IO pad 'PVDD2DGZ' is unusable: unknown logic function.  (OPT-1022)
Warning: IO pad 'PVDD2ANA' is unusable: unknown logic function.  (OPT-1022)
Warning: IO pad 'PVDD1DGZ' is unusable: unknown logic function.  (OPT-1022)
Warning: IO pad 'PVDD1ANA' is unusable: unknown logic function.  (OPT-1022)
Warning: IO pad 'PCLAMP2ANA' is unusable: unknown logic function.  (OPT-1022)
Warning: IO pad 'PCLAMP1ANA' is unusable: unknown logic function.  (OPT-1022)
Warning: Operating condition NCCOM set on design mul_border has different process,
voltage and temperatures parameters than the parameters at which target library 
tpfn45gsgv18tc is characterized. Delays may be inaccurate as a result. (OPT-998)

  Beginning Pass 1 Mapping
  ------------------------
  Processing 'mul_border'
Warning: The trip points for the library named tpfn45gsgv18tc differ from those in the library named tcbn40lpbwptc. (TIM-164)

  Updating timing information
Information: Updating design information... (UID-85)

  Beginning Implementation Selection
  ----------------------------------
  Processing 'mul_border_DW01_add_0'

  Beginning Mapping Optimizations  (Medium effort)
  -------------------------------
  Mapping Optimization (Phase 1)

                                  TOTAL                                      
   ELAPSED            WORST NEG   SETUP    DESIGN                            
    TIME      AREA      SLACK     COST    RULE COST         ENDPOINT         
  --------- --------- --------- --------- --------- -------------------------
    0:00:05     550.4      0.00       0.0      23.1                          
    0:00:05     550.4      0.00       0.0      23.1                          
    0:00:05     550.4      0.00       0.0      23.1                          
    0:00:06     550.4      0.00       0.0      23.1                          
    0:00:06     550.4      0.00       0.0      23.1                          
    0:00:06     346.4      0.24       0.7      23.0                          
    0:00:06     346.3      0.16       0.3      22.4                          
    0:00:06     357.4      0.01       0.0      21.6                          
    0:00:06     360.7      0.00       0.0      21.1                          
    0:00:06     352.4      0.00       0.0      21.1                          
    0:00:06     351.9      0.00       0.0      21.1                          
    0:00:06     353.3      0.00       0.0      21.1                          
    0:00:06     352.3      0.00       0.0      21.1                          
    0:00:06     352.3      0.00       0.0      21.1                          
    0:00:06     352.3      0.00       0.0      21.1                          
    0:00:06     352.3      0.00       0.0      21.1                          
    0:00:06     352.3      0.00       0.0      21.1                          
    0:00:06     393.4      0.00       0.0      11.3                          
    0:00:06     420.9      0.00       0.0       6.2                          
    0:00:06     420.9      0.00       0.0       6.2                          
    0:00:06     420.9      0.00       0.0       6.2                          
    0:00:06     420.9      0.00       0.0       6.2                          



  Beginning Delay Optimization Phase
  ----------------------------------

                                  TOTAL                                      
   ELAPSED            WORST NEG   SETUP    DESIGN                            
    TIME      AREA      SLACK     COST    RULE COST         ENDPOINT         
  --------- --------- --------- --------- --------- -------------------------
    0:00:06     420.9      0.00       0.0       6.2                          
    0:00:06     420.9      0.00       0.0       6.2                          
    0:00:06     420.9      0.00       0.0       6.2                          


  Beginning Design Rule Fixing  (max_transition)  (max_capacitance)
  ----------------------------

                                  TOTAL                                      
   ELAPSED            WORST NEG   SETUP    DESIGN                            
    TIME      AREA      SLACK     COST    RULE COST         ENDPOINT         
  --------- --------- --------- --------- --------- -------------------------
    0:00:06     420.9      0.00       0.0       6.2                          
    0:00:06     461.1      0.00       0.0       0.0                          


  Beginning Area-Recovery Phase  (cleanup)
  -----------------------------

                                  TOTAL                                      
   ELAPSED            WORST NEG   SETUP    DESIGN                            
    TIME      AREA      SLACK     COST    RULE COST         ENDPOINT         
  --------- --------- --------- --------- --------- -------------------------
    0:00:06     461.1      0.00       0.0       0.0                          
    0:00:06     461.1      0.00       0.0       0.0                          
    0:00:06     447.5      0.00       0.0       0.0                          
    0:00:06     446.3      0.00       0.0       0.0                          
    0:00:06     445.1      0.00       0.0       0.0                          
    0:00:06     445.1      0.00       0.0       0.0                          
    0:00:06     445.1      0.00       0.0       0.0                          
    0:00:06     445.1      0.00       0.0       0.0                          
    0:00:06     445.1      0.00       0.0       0.0                          
    0:00:06     435.9      0.00       0.0       0.0                          
    0:00:06     430.2      0.04       0.0       0.0                          
    0:00:06     430.2      0.04       0.0       0.0                          
    0:00:06     430.2      0.04       0.0       0.0                          
    0:00:06     430.2      0.04       0.0       0.0                          
    0:00:06     430.2      0.04       0.0       0.0                          
    0:00:06     430.2      0.04       0.0       0.0                          
    0:00:06     434.8      0.00       0.0       0.0                          


Note: Symbol # after min delay cost means estimated hold TNS across all active scenarios 


  Optimization Complete
  ---------------------
1
check_design
 
****************************************
check_design summary:
Version:     Q-2019.12-SP3
Date:        Sun Jan 24 02:02:49 2021
****************************************

                   Name                                            Total
--------------------------------------------------------------------------------
Inputs/Outputs                                                      4
    Unconnected ports (LINT-28)                                     4

Cells                                                               2
    Nets connected to multiple pins on same cell (LINT-33)          2
--------------------------------------------------------------------------------

Warning: In design 'mul_border', port 'o_data_last[31]' is not connected to any nets. (LINT-28)
Warning: In design 'mul_border_DW01_add_1', port 'B[0]' is not connected to any nets. (LINT-28)
Warning: In design 'mul_border_DW01_add_1', port 'CI' is not connected to any nets. (LINT-28)
Warning: In design 'mul_border_DW01_add_1', port 'CO' is not connected to any nets. (LINT-28)
Warning: In design 'mul_border', the same net is connected to more than one pin on submodule 'add_28'. (LINT-33)
   Net 'n13' is connected to pins 'A[31]', 'A[30]'', 'A[29]', 'A[28]', 'A[27]', 'A[26]', 'A[25]', 'A[24]', 'A[23]', 'A[22]', 'A[21]', 'A[20]', 'A[19]', 'A[18]', 'A[17]', 'A[16]', 'A[15]'.
Warning: In design 'mul_border', the same net is connected to more than one pin on submodule 'add_28'. (LINT-33)
   Net 'n1' is connected to pins 'B[0]', 'CI''.
1
# Unflatten design now that its compiled
ungroup -all -flatten
Information: Updating graph... (UID-83)
1
# force hold time to be met for all flops
set_fix_hold clk
1
# Compile again with higher effort
compile -map_effort high
Warning: "The variable 'compile_high_effort_area_in_incremental' is supported in DC NXT only. Ignoring this setting." (OPT-1726)

Information: There are 2 potential problems in your design. Please run 'check_design' for more information. (LINT-99)


Warning: Operating condition NCCOM set on design mul_border has different process,
voltage and temperatures parameters than the parameters at which target library 
tpfn45gsgv18tc is characterized. Delays may be inaccurate as a result. (OPT-998)

  Beginning Pass 1 Mapping
  ------------------------
  Processing 'mul_border'

  Updating timing information
Information: Updating design information... (UID-85)

  Beginning Mapping Optimizations  (High effort)
  -------------------------------
  Mapping Optimization (Phase 2)

                                  TOTAL                                                  
   ELAPSED            WORST NEG   SETUP    DESIGN                              MIN DELAY 
    TIME      AREA      SLACK     COST    RULE COST         ENDPOINT             COST    
  --------- --------- --------- --------- --------- ------------------------- -----------
    0:00:10     522.8      0.00       0.0      20.1                                0.00  
    0:00:10     522.8      0.00       0.0      20.1                                0.00  
    0:00:10     522.8      0.00       0.0      20.1                                0.00  
    0:00:10     522.8      0.00       0.0      20.1                                0.00  
    0:00:10     522.8      0.00       0.0      20.1                                0.00  
    0:00:10     365.7      0.31       2.8      19.9                                0.00  
    0:00:10     371.0      0.24       2.1      19.9                                0.00  
    0:00:10     385.3      0.22       2.0      19.5                                0.00  
    0:00:10     384.4      0.20       1.6      18.9                                0.00  
    0:00:10     395.8      0.17       1.2      17.6                                0.00  
    0:00:10     401.7      0.15       0.9      17.4                                0.00  
    0:00:10     408.4      0.18       1.1      17.2                                0.00  
    0:00:10     401.1      0.19       1.4      17.2                                0.00  
    0:00:10     415.8      0.17       1.2      17.2                                0.00  
    0:00:10     409.4      0.13       0.7      17.2                                0.00  
    0:00:10     420.2      0.09       0.5      17.2                                0.00  
    0:00:10     423.4      0.09       0.4      17.2                                0.00  
    0:00:10     424.1      0.08       0.3      17.2                                0.00  
    0:00:11     427.1      0.01       0.0      17.2                                0.00  
    0:00:11     427.8      0.00       0.0      17.2                                0.00  
    0:00:11     427.8      0.00       0.0      17.2                                0.00  
    0:00:11     427.8      0.00       0.0      17.2                                0.00  
    0:00:11     427.8      0.00       0.0      17.2                                0.00  
    0:00:11     468.2      0.00       0.0       8.3                                0.00  
    0:00:11     486.5      0.00       0.0       4.5                                0.00  
    0:00:11     490.6      0.00       0.0       3.4                                0.00  
    0:00:11     490.6      0.00       0.0       3.4                                0.00  
    0:00:11     490.6      0.00       0.0       3.4                                0.00  
    0:00:11     490.6      0.00       0.0       3.4                                0.00  



  Beginning Delay Optimization Phase
  ----------------------------------

                                  TOTAL                                                  
   ELAPSED            WORST NEG   SETUP    DESIGN                              MIN DELAY 
    TIME      AREA      SLACK     COST    RULE COST         ENDPOINT             COST    
  --------- --------- --------- --------- --------- ------------------------- -----------
    0:00:11     490.6      0.00       0.0       3.4                                0.00  
    0:00:11     490.6      0.00       0.0       3.4                                0.00  
    0:00:11     489.5      0.00       0.0       3.4                                0.00  


  Beginning Design Rule Fixing  (max_transition)  (max_capacitance)
  ----------------------------

                                  TOTAL                                                  
   ELAPSED            WORST NEG   SETUP    DESIGN                              MIN DELAY 
    TIME      AREA      SLACK     COST    RULE COST         ENDPOINT             COST    
  --------- --------- --------- --------- --------- ------------------------- -----------
    0:00:11     489.5      0.00       0.0       3.4                                0.00  
    0:00:11     503.3      0.00       0.0       0.0                                0.00  


  Beginning Area-Recovery Phase  (cleanup)
  -----------------------------

                                  TOTAL                                                  
   ELAPSED            WORST NEG   SETUP    DESIGN                              MIN DELAY 
    TIME      AREA      SLACK     COST    RULE COST         ENDPOINT             COST    
  --------- --------- --------- --------- --------- ------------------------- -----------
    0:00:11     503.3      0.00       0.0       0.0                                0.00  
    0:00:11     503.3      0.00       0.0       0.0                                0.00  
    0:00:11     493.7      0.00       0.0       0.0                                0.00  
    0:00:11     493.2      0.00       0.0       0.0                                0.00  
    0:00:11     493.2      0.00       0.0       0.0                                0.00  
    0:00:11     493.2      0.00       0.0       0.0                                0.00  
    0:00:11     493.2      0.00       0.0       0.0                                0.00  
    0:00:11     495.0      0.00       0.0       0.0                                0.00  
    0:00:11     480.5      0.02       0.0       0.0                                0.00  
    0:00:11     478.6      0.01       0.0       0.0                                0.00  
    0:00:11     478.6      0.01       0.0       0.0                                0.00  
    0:00:11     478.6      0.01       0.0       0.0                                0.00  
    0:00:11     478.6      0.01       0.0       0.0                                0.00  
    0:00:11     478.6      0.01       0.0       0.0                                0.00  
    0:00:11     478.6      0.01       0.0       0.0                                0.00  
    0:00:11     479.5      0.00       0.0       0.0                                0.00  


Note: Symbol # after min delay cost means estimated hold TNS across all active scenarios 


  Optimization Complete
  ---------------------
1
check_design
 
****************************************
check_design summary:
Version:     Q-2019.12-SP3
Date:        Sun Jan 24 02:02:54 2021
****************************************

                   Name                                            Total
--------------------------------------------------------------------------------
Inputs/Outputs                                                      1
    Unconnected ports (LINT-28)                                     1
--------------------------------------------------------------------------------

Warning: In design 'mul_border', port 'o_data_last[31]' is not connected to any nets. (LINT-28)
1
#############################################
# Take a look at area, max, and min timings #
#############################################
report_area > mul_border_area.txt
report_power > mul_border_power.txt
report_timing -delay min > mul_border_min_delay.txt
report_timing -delay max > mul_border_max_delay.txt
#### write out final netlist ######
write -format verilog mul_border -output mul_border.vg
Writing verilog file '/filespace/d/dwu94/Project/uSystolic-Sim/synthesis/16bit/binaryserial/mul_border.vg'.
1
exit
Memory usage for this session 407 Mbytes.
Memory usage for this session including child processes 407 Mbytes.
CPU usage for this session 12 seconds ( 0.00 hours ).
Elapsed time for this session 14 seconds ( 0.00 hours ).

Thank you...
