
                           Design Compiler Graphical 
                                 DC Ultra (TM)
                                  DFTMAX (TM)
                              Power Compiler (TM)
                                 DesignWare (R)
                                 DC Expert (TM)
                               Design Vision (TM)
                               HDL Compiler (TM)
                               VHDL Compiler (TM)
                                  DFT Compiler
                               Design Compiler(R)

               Version Q-2019.12-SP3 for linux64 - Apr 21, 2020 

                    Copyright (c) 1988 - 2020 Synopsys, Inc.
   This software and the associated documentation are proprietary to Synopsys,
 Inc. This software may only be used in accordance with the terms and conditions
 of a written license agreement with Synopsys, Inc. All other use, reproduction,
            or distribution of this software is strictly prohibited.
Initializing...
# ECE552 Extra Credit
read_file -format sverilog {pe_border.sv}
Loading db file '/cae/apps/data/saed32_edk-2018/lib/stdcell_rvt/db_nldm/saed32rvt_tt0p85v25c.db'
Loading db file '/cae/apps/data/saed32_edk-2018/lib/io_std/db_nldm/saed32io_wb_tt1p05v25c_2p5v.db'
Loading db file '/cae/apps/data/synopsys-2020/syn/Q-2019.12-SP3/libraries/syn/gtech.db'
Loading db file '/cae/apps/data/synopsys-2020/syn/Q-2019.12-SP3/libraries/syn/standard.sldb'
  Loading link library 'saed32rvt_tt0p85v25c'
  Loading link library 'saed32io_wb_tt1p05v25c_2p5v'
  Loading link library 'gtech'
Detecting input file type automatically (-rtl or -netlist).
Reading with Presto HDL Compiler (equivalent to -rtl option).
Running PRESTO HDLC
Compiling source file /filespace/d/dwu94/Project/uSystolic-Sim/synthesis/32nm_rvt/8bit/binaryserial/pe_border.sv
Opening include file ireg_border.sv
Opening include file wreg.sv
Opening include file mul_border.sv
Opening include file acc.sv

Inferred memory devices in process
	in routine ireg_border line 16 in file
		'ireg_border.sv'.
===============================================================================
|    Register Name    |   Type    | Width | Bus | MB | AR | AS | SR | SS | ST |
===============================================================================
|     o_data_reg      | Flip-flop |   8   |  Y  | N  | Y  | N  | N  | N  | N  |
===============================================================================

Inferred memory devices in process
	in routine wreg line 16 in file
		'wreg.sv'.
===============================================================================
|    Register Name    |   Type    | Width | Bus | MB | AR | AS | SR | SS | ST |
===============================================================================
|     o_data_reg      | Flip-flop |   8   |  Y  | N  | Y  | N  | N  | N  | N  |
===============================================================================

Inferred memory devices in process
	in routine mul_border line 19 in file
		'mul_border.sv'.
===============================================================================
|    Register Name    |   Type    | Width | Bus | MB | AR | AS | SR | SS | ST |
===============================================================================
|      o_idx_reg      | Flip-flop |   3   |  Y  | N  | Y  | N  | N  | N  | N  |
===============================================================================
Statistics for MUX_OPs
======================================================
| block name/line  | Inputs | Outputs | # sel inputs |
======================================================
|  mul_border/31   |   8    |    1    |      3       |
======================================================

Inferred memory devices in process
	in routine acc line 18 in file
		'acc.sv'.
===============================================================================
|    Register Name    |   Type    | Width | Bus | MB | AR | AS | SR | SS | ST |
===============================================================================
|      sum_o_reg      | Flip-flop |  24   |  Y  | N  | Y  | N  | N  | N  | N  |
===============================================================================

Inferred memory devices in process
	in routine pe_border line 92 in file
		'/filespace/d/dwu94/Project/uSystolic-Sim/synthesis/32nm_rvt/8bit/binaryserial/pe_border.sv'.
===============================================================================
|    Register Name    |   Type    | Width | Bus | MB | AR | AS | SR | SS | ST |
===============================================================================
|     en_i_d_reg      | Flip-flop |   1   |  N  | N  | N  | N  | N  | N  | N  |
|     en_w_d_reg      | Flip-flop |   1   |  N  | N  | N  | N  | N  | N  | N  |
|     en_o_d_reg      | Flip-flop |   1   |  N  | N  | N  | N  | N  | N  | N  |
|     clr_i_d_reg     | Flip-flop |   1   |  N  | N  | N  | N  | N  | N  | N  |
|     clr_w_d_reg     | Flip-flop |   1   |  N  | N  | N  | N  | N  | N  | N  |
|     clr_o_d_reg     | Flip-flop |   1   |  N  | N  | N  | N  | N  | N  | N  |
|   mac_done_d_reg    | Flip-flop |   1   |  N  | N  | N  | N  | N  | N  | N  |
===============================================================================
Presto compilation completed successfully.
Loaded 5 designs.
Current design is 'ireg_border'.
ireg_border wreg mul_border acc pe_border
set current_design pe_border
pe_border
link

  Linking design 'pe_border'
  Using the following designs and libraries:
  --------------------------------------------------------------------------
  pe_border                   /filespace/d/dwu94/Project/uSystolic-Sim/synthesis/32nm_rvt/8bit/binaryserial/pe_border.db
  saed32rvt_tt0p85v25c (library) /cae/apps/data/saed32_edk-2018/lib/stdcell_rvt/db_nldm/saed32rvt_tt0p85v25c.db
  saed32io_wb_tt1p05v25c_2p5v (library) /cae/apps/data/saed32_edk-2018/lib/io_std/db_nldm/saed32io_wb_tt1p05v25c_2p5v.db
  * (4 designs)               /filespace/d/dwu94/Project/uSystolic-Sim/synthesis/32nm_rvt/8bit/binaryserial/ireg_border.db, etc

Information: Building the design 'ireg_border' instantiated from design 'pe_border' with
	the parameters "WIDTH=8". (HDL-193)

Inferred memory devices in process
	in routine ireg_border_WIDTH8 line 16 in file
		'ireg_border.sv'.
===============================================================================
|    Register Name    |   Type    | Width | Bus | MB | AR | AS | SR | SS | ST |
===============================================================================
|     o_data_reg      | Flip-flop |   8   |  Y  | N  | Y  | N  | N  | N  | N  |
===============================================================================
Presto compilation completed successfully. (ireg_border_WIDTH8)
Information: Building the design 'wreg' instantiated from design 'pe_border' with
	the parameters "WIDTH=8". (HDL-193)

Inferred memory devices in process
	in routine wreg_WIDTH8 line 16 in file
		'wreg.sv'.
===============================================================================
|    Register Name    |   Type    | Width | Bus | MB | AR | AS | SR | SS | ST |
===============================================================================
|     o_data_reg      | Flip-flop |   8   |  Y  | N  | Y  | N  | N  | N  | N  |
===============================================================================
Presto compilation completed successfully. (wreg_WIDTH8)
Information: Building the design 'mul_border' instantiated from design 'pe_border' with
	the parameters "WIDTH=8,DEPTH=3". (HDL-193)

Inferred memory devices in process
	in routine mul_border_WIDTH8_DEPTH3 line 19 in file
		'mul_border.sv'.
===============================================================================
|    Register Name    |   Type    | Width | Bus | MB | AR | AS | SR | SS | ST |
===============================================================================
|      o_idx_reg      | Flip-flop |   3   |  Y  | N  | Y  | N  | N  | N  | N  |
===============================================================================
Statistics for MUX_OPs
=================================================================
|      block name/line        | Inputs | Outputs | # sel inputs |
=================================================================
| mul_border_WIDTH8_DEPTH3/31 |   8    |    1    |      3       |
=================================================================
Presto compilation completed successfully. (mul_border_WIDTH8_DEPTH3)
Information: Building the design 'acc' instantiated from design 'pe_border' with
	the parameters "WIDTH=24". (HDL-193)

Inferred memory devices in process
	in routine acc_WIDTH24 line 18 in file
		'acc.sv'.
===============================================================================
|    Register Name    |   Type    | Width | Bus | MB | AR | AS | SR | SS | ST |
===============================================================================
|      sum_o_reg      | Flip-flop |  24   |  Y  | N  | Y  | N  | N  | N  | N  |
===============================================================================
Presto compilation completed successfully. (acc_WIDTH24)
1
###########################################
# Define clock and set don't mess with it #
###########################################
# clk with frequency of 400 MHz
create_clock -name "clk" -period 2.5 -waveform { 0 1.25 } { clk }
1
set_dont_touch_network [find port clk]
1
# pointer to all inputs except clk
set prim_inputs [remove_from_collection [all_inputs] [find port clk]]
{rst_n idx[2] idx[1] idx[0] mac_done en_i clr_i en_w clr_w en_o clr_o ifm[7] ifm[6] ifm[5] ifm[4] ifm[3] ifm[2] ifm[1] ifm[0] wght[7] wght[6] wght[5] wght[4] wght[3] wght[2] wght[1] wght[0] ofm[23] ofm[22] ofm[21] ofm[20] ofm[19] ofm[18] ofm[17] ofm[16] ofm[15] ofm[14] ofm[13] ofm[12] ofm[11] ofm[10] ofm[9] ofm[8] ofm[7] ofm[6] ofm[5] ofm[4] ofm[3] ofm[2] ofm[1] ofm[0]}
# pointer to all inputs except clk and rst_n
set prim_inputs_no_rst [remove_from_collection $prim_inputs [find port rst_n]]
{idx[2] idx[1] idx[0] mac_done en_i clr_i en_w clr_w en_o clr_o ifm[7] ifm[6] ifm[5] ifm[4] ifm[3] ifm[2] ifm[1] ifm[0] wght[7] wght[6] wght[5] wght[4] wght[3] wght[2] wght[1] wght[0] ofm[23] ofm[22] ofm[21] ofm[20] ofm[19] ofm[18] ofm[17] ofm[16] ofm[15] ofm[14] ofm[13] ofm[12] ofm[11] ofm[10] ofm[9] ofm[8] ofm[7] ofm[6] ofm[5] ofm[4] ofm[3] ofm[2] ofm[1] ofm[0]}
# Set clk uncertainty (skew)
set_clock_uncertainty 0.15 clk
1
#########################################
# Set input delay & drive on all inputs #
#########################################
set_input_delay -clock clk 0.25 [copy_collection $prim_inputs]
1
#set_driving_cell -lib_cell ND2D2BWP -library tcbn40lpbwptc $prim_inputs_no_rst
# rst_n goes to many places so don't touch
set_dont_touch_network [find port rst_n]
1
##########################################
# Set output delay & load on all outputs #
##########################################
set_output_delay -clock clk 0.5 [all_outputs]
1
set_load 0.1 [all_outputs]
1
#############################################################
# Wire load model allows it to estimate internal parasitics #
#############################################################
# set_wire_load_model -name TSMC32K_Lowk_Conservative -library tcbn40lpbwptc
######################################################
# Max transition time is important for Hot-E reasons #
######################################################
set_max_transition 0.1 [current_design]
1
########################################
# Now actually synthesize for 1st time #
########################################
compile -map_effort medium
Warning: Setting attribute 'fix_multiple_port_nets' on design 'pe_border'. (UIO-59)
Information: Evaluating DesignWare library utilization. (UISN-27)

============================================================================
| DesignWare Building Block Library  |         Version         | Available |
============================================================================
| Basic DW Building Blocks           | Q-2019.12-DWBB_201912.3 |     *     |
| Licensed DW Building Blocks        |                         |           |
============================================================================


Information: There are 8 potential problems in your design. Please run 'check_design' for more information. (LINT-99)


Warning: Operating condition tt0p85v25c set on design pe_border has different process,
voltage and temperatures parameters than the parameters at which target library 
saed32io_wb_tt1p05v25c_2p5v is characterized. Delays may be inaccurate as a result. (OPT-998)

  Beginning Pass 1 Mapping
  ------------------------
  Processing 'acc_WIDTH24'
  Processing 'mul_border_WIDTH8_DEPTH3'
  Processing 'wreg_WIDTH8'
  Processing 'ireg_border_WIDTH8'
  Processing 'pe_border'

  Updating timing information
Information: Updating design information... (UID-85)

  Beginning Implementation Selection
  ----------------------------------
  Processing 'acc_WIDTH24_DW01_add_0_DW01_add_1'

  Beginning Mapping Optimizations  (Medium effort)
  -------------------------------
  Mapping Optimization (Phase 1)

                                  TOTAL                                      
   ELAPSED            WORST NEG   SETUP    DESIGN                            
    TIME      AREA      SLACK     COST    RULE COST         ENDPOINT         
  --------- --------- --------- --------- --------- -------------------------
    0:00:04    1216.6      0.05       0.1       0.0                          
    0:00:04    1216.6      0.05       0.1       0.0                          
    0:00:04    1216.6      0.05       0.1       0.0                          
    0:00:04    1216.6      0.05       0.1       0.0                          
    0:00:04    1216.6      0.05       0.1       0.0                          
    0:00:04    1095.1      0.06       0.1       0.0                          
    0:00:04    1103.2      0.02       0.0       0.0                          
    0:00:04    1110.6      0.01       0.0       0.0                          
    0:00:04    1110.1      0.03       0.0       0.0                          
    0:00:04    1110.1      0.03       0.0       0.0                          
    0:00:05    1107.3      0.01       0.0       0.0                          
    0:00:05    1107.3      0.01       0.0       0.0                          
    0:00:05    1108.6      0.01       0.0       0.0                          
    0:00:05    1105.3      0.02       0.0       0.0                          
    0:00:05    1111.4      0.00       0.0       0.0                          
    0:00:05    1111.4      0.00       0.0       0.0                          
    0:00:05    1111.4      0.00       0.0       0.0                          
    0:00:05    1111.4      0.00       0.0       0.0                          
    0:00:05    1111.4      0.00       0.0       0.0                          
    0:00:05    1111.4      0.00       0.0       0.0                          
    0:00:05    1111.4      0.00       0.0       0.0                          



  Beginning Delay Optimization Phase
  ----------------------------------

                                  TOTAL                                      
   ELAPSED            WORST NEG   SETUP    DESIGN                            
    TIME      AREA      SLACK     COST    RULE COST         ENDPOINT         
  --------- --------- --------- --------- --------- -------------------------
    0:00:05    1111.4      0.00       0.0       0.0                          
    0:00:05    1111.4      0.00       0.0       0.0                          
    0:00:05    1111.4      0.00       0.0       0.0                          


  Beginning Area-Recovery Phase  (cleanup)
  -----------------------------

                                  TOTAL                                      
   ELAPSED            WORST NEG   SETUP    DESIGN                            
    TIME      AREA      SLACK     COST    RULE COST         ENDPOINT         
  --------- --------- --------- --------- --------- -------------------------
    0:00:05    1111.4      0.00       0.0       0.0                          
    0:00:05    1111.4      0.00       0.0       0.0                          
    0:00:05    1088.8      0.02       0.0       0.0                          
    0:00:05    1088.8      0.02       0.0       0.0                          
    0:00:05    1088.8      0.02       0.0       0.0                          
    0:00:05    1088.8      0.02       0.0       0.0                          
    0:00:05    1094.3      0.01       0.0       0.0                          
    0:00:05    1094.6      0.00       0.0       0.0                          
    0:00:05    1089.3      0.00       0.0       0.0                          
    0:00:05    1089.0      0.00       0.0       0.0                          
    0:00:05    1089.0      0.00       0.0       0.0                          
    0:00:05    1089.0      0.00       0.0       0.0                          
    0:00:05    1089.0      0.00       0.0       0.0                          
    0:00:05    1089.0      0.00       0.0       0.0                          
    0:00:05    1089.0      0.00       0.0       0.0                          
    0:00:05    1091.3      0.00       0.0       0.0                          
    0:00:05    1093.3      0.00       0.0       0.0 U_acc/sum_o_reg[23]/D    


Note: Symbol # after min delay cost means estimated hold TNS across all active scenarios 


  Optimization Complete
  ---------------------
1
check_design
 
****************************************
check_design summary:
Version:     Q-2019.12-SP3
Date:        Tue Mar 23 16:28:00 2021
****************************************

                   Name                                            Total
--------------------------------------------------------------------------------
Inputs/Outputs                                                      5
    Unconnected ports (LINT-28)                                     5

Cells                                                               4
    Connected to power or ground (LINT-32)                          3
    Nets connected to multiple pins on same cell (LINT-33)          1
--------------------------------------------------------------------------------

Warning: In design 'mul_border_WIDTH8_DEPTH3', port 'i_idx[2]' is not connected to any nets. (LINT-28)
Warning: In design 'mul_border_WIDTH8_DEPTH3', port 'i_idx[1]' is not connected to any nets. (LINT-28)
Warning: In design 'mul_border_WIDTH8_DEPTH3', port 'i_idx[0]' is not connected to any nets. (LINT-28)
Warning: In design 'acc_WIDTH24_DW01_add_1', port 'CI' is not connected to any nets. (LINT-28)
Warning: In design 'acc_WIDTH24_DW01_add_1', port 'CO' is not connected to any nets. (LINT-28)
Warning: In design 'pe_border', a pin on submodule 'U_mul_border' is connected to logic 1 or logic 0. (LINT-32)
   Pin 'en' is connected to logic 1. 
Warning: In design 'pe_border', a pin on submodule 'U_mul_border' is connected to logic 1 or logic 0. (LINT-32)
   Pin 'clr' is connected to logic 0. 
Warning: In design 'acc_WIDTH24', a pin on submodule 'add_26' is connected to logic 1 or logic 0. (LINT-32)
   Pin 'CI' is connected to logic 0. 
Warning: In design 'pe_border', the same net is connected to more than one pin on submodule 'U_acc'. (LINT-33)
   Net 'n1' is connected to pins 'prod[23]', 'prod[22]'', 'prod[21]', 'prod[20]', 'prod[19]', 'prod[18]', 'prod[17]', 'prod[16]', 'prod[15]'.
1
# Unflatten design now that its compiled
ungroup -all -flatten
Information: Updating graph... (UID-83)
1
# force hold time to be met for all flops
set_fix_hold clk
1
# Compile again with higher effort
compile -map_effort high
Warning: "The variable 'compile_high_effort_area_in_incremental' is supported in DC NXT only. Ignoring this setting." (OPT-1726)

Information: There are 7 potential problems in your design. Please run 'check_design' for more information. (LINT-99)


Warning: Operating condition tt0p85v25c set on design pe_border has different process,
voltage and temperatures parameters than the parameters at which target library 
saed32io_wb_tt1p05v25c_2p5v is characterized. Delays may be inaccurate as a result. (OPT-998)

  Beginning Pass 1 Mapping
  ------------------------
  Processing 'pe_border'

  Updating timing information
Information: Updating design information... (UID-85)

  Beginning Mapping Optimizations  (High effort)
  -------------------------------

                                  TOTAL                                                  
   ELAPSED            WORST NEG   SETUP    DESIGN                              MIN DELAY 
    TIME      AREA      SLACK     COST    RULE COST         ENDPOINT             COST    
  --------- --------- --------- --------- --------- ------------------------- -----------
    0:00:07    1388.6      0.34       0.9       0.0                                0.00  
    0:00:07    1385.3      0.38       1.1       0.0                                0.00  
    0:00:07    1385.3      0.38       1.1       0.0                                0.00  
    0:00:07    1384.8      0.37       1.0       0.0                                0.00  
    0:00:07    1384.8      0.37       1.0       0.0                                0.00  
    0:00:07    1067.9      0.39       1.0       0.0                                0.00  
    0:00:07    1068.4      0.38       1.0       0.0                                0.00  
    0:00:07    1075.5      0.33       0.8       0.0                                0.00  
    0:00:07    1081.4      0.28       0.6       0.0                                0.00  
    0:00:07    1081.4      0.28       0.6       0.0                                0.00  
    0:00:07    1083.9      0.26       0.5       0.0                                0.00  
    0:00:07    1086.5      0.25       0.5       0.0                                0.00  
    0:00:07    1089.0      0.24       0.5       0.0                                0.00  
    0:00:07    1089.3      0.24       0.5       0.0                                0.00  
    0:00:07    1089.0      0.24       0.5       0.0                                0.00  
    0:00:07    1096.6      0.23       0.4       0.0                                0.00  
    0:00:07    1116.2      0.17       0.3       0.0                                0.00  
    0:00:07    1110.9      0.17       0.3       0.0                                0.00  
    0:00:07    1110.9      0.17       0.3       0.0                                0.00  
    0:00:07    1110.9      0.17       0.3       0.0                                0.00  
    0:00:07    1110.9      0.17       0.3       0.0                                0.00  
    0:00:07    1110.9      0.17       0.3       0.0                                0.00  
    0:00:07    1110.9      0.17       0.3       0.0                                0.00  



  Beginning Delay Optimization Phase
  ----------------------------------

                                  TOTAL                                                  
   ELAPSED            WORST NEG   SETUP    DESIGN                              MIN DELAY 
    TIME      AREA      SLACK     COST    RULE COST         ENDPOINT             COST    
  --------- --------- --------- --------- --------- ------------------------- -----------
    0:00:07    1110.9      0.17       0.3       0.0                                0.00  
    0:00:07    1128.4      0.16       0.2       0.0 U_acc/sum_o_reg[23]/D          0.00  
    0:00:07    1139.3      0.15       0.2       0.0 U_acc/sum_o_reg[23]/D          0.00  
    0:00:07    1139.1      0.09       0.1       0.0 U_acc/sum_o_reg[23]/D          0.00  
    0:00:07    1147.2      0.06       0.1       0.0 U_acc/sum_o_reg[23]/D          0.00  
    0:00:07    1173.4      0.04       0.0       0.0 U_acc/sum_o_reg[23]/D          0.00  
    0:00:07    1173.4      0.04       0.0       0.0 U_acc/sum_o_reg[23]/D          0.00  
    0:00:08    1179.5      0.03       0.0       0.0 U_acc/sum_o_reg[23]/D          0.00  
    0:00:08    1182.0      0.01       0.0       0.0 U_acc/sum_o_reg[23]/D          0.00  
    0:00:08    1181.0      0.01       0.0       0.0 U_acc/sum_o_reg[23]/D          0.00  
    0:00:08    1201.3      0.01       0.0       0.0                                0.00  
    0:00:08    1201.1      0.01       0.0       0.0 U_acc/sum_o_reg[23]/D          0.00  
    0:00:08    1198.5      0.00       0.0       3.0                                0.00  
    0:00:08    1196.8      0.00       0.0       3.0                                0.00  
    0:00:08    1184.3      0.00       0.0       3.0                                0.00  


  Beginning Design Rule Fixing  (max_transition)  (max_capacitance)
  ----------------------------

                                  TOTAL                                                  
   ELAPSED            WORST NEG   SETUP    DESIGN                              MIN DELAY 
    TIME      AREA      SLACK     COST    RULE COST         ENDPOINT             COST    
  --------- --------- --------- --------- --------- ------------------------- -----------
    0:00:08    1184.3      0.00       0.0       3.0                                0.00  
    0:00:08    1193.2      0.00       0.0       0.0                                0.00  


  Beginning Area-Recovery Phase  (cleanup)
  -----------------------------

                                  TOTAL                                                  
   ELAPSED            WORST NEG   SETUP    DESIGN                              MIN DELAY 
    TIME      AREA      SLACK     COST    RULE COST         ENDPOINT             COST    
  --------- --------- --------- --------- --------- ------------------------- -----------
    0:00:08    1193.2      0.00       0.0       0.0                                0.00  
    0:00:08    1193.2      0.00       0.0       0.0                                0.00  
    0:00:08    1132.2      0.01       0.0       0.0                                0.00  
    0:00:08    1128.9      0.01       0.0       0.0                                0.00  
    0:00:09    1127.6      0.01       0.0       0.0                                0.00  
    0:00:09    1125.1      0.01       0.0       0.0                                0.00  
    0:00:09    1123.6      0.01       0.0       0.0                                0.00  
    0:00:09    1123.6      0.01       0.0       0.0                                0.00  
    0:00:09    1121.5      0.01       0.0       0.0                                0.00  
    0:00:09    1096.1      0.01       0.0       0.0                                0.00  
    0:00:09    1094.3      0.01       0.0       0.0                                0.00  
    0:00:09    1094.3      0.01       0.0       0.0                                0.00  
    0:00:09    1094.3      0.01       0.0       0.0                                0.00  
    0:00:09    1094.3      0.01       0.0       0.0                                0.00  
    0:00:09    1094.3      0.01       0.0       0.0                                0.00  
    0:00:09    1094.3      0.01       0.0       0.0                                0.00  
    0:00:09    1092.3      0.01       0.0       0.0                                0.00  
    0:00:09    1093.3      0.01       0.0       0.0                                0.00  


Note: Symbol # after min delay cost means estimated hold TNS across all active scenarios 


  Optimization Complete
  ---------------------
1
check_design
 
****************************************
check_design summary:
Version:     Q-2019.12-SP3
Date:        Tue Mar 23 16:28:04 2021
****************************************

                   Name                                            Total
--------------------------------------------------------------------------------
Inputs/Outputs                                                      3
    Unconnected ports (LINT-28)                                     3
--------------------------------------------------------------------------------

Warning: In design 'pe_border', port 'idx[2]' is not connected to any nets. (LINT-28)
Warning: In design 'pe_border', port 'idx[1]' is not connected to any nets. (LINT-28)
Warning: In design 'pe_border', port 'idx[0]' is not connected to any nets. (LINT-28)
1
#############################################
# Take a look at area, max, and min timings #
#############################################
report_area > pe_border_area.txt
report_power > pe_border_power.txt
report_timing -delay min > pe_border_min_delay.txt
report_timing -delay max > pe_border_max_delay.txt
#### write out final netlist ######
write -format verilog pe_border -output pe_border.vg
Writing verilog file '/filespace/d/dwu94/Project/uSystolic-Sim/synthesis/32nm_rvt/8bit/binaryserial/pe_border.vg'.
Warning: Verilog 'assign' or 'tran' statements are written out. (VO-4)
1
exit
Memory usage for this session 142 Mbytes.
Memory usage for this session including child processes 142 Mbytes.
CPU usage for this session 9 seconds ( 0.00 hours ).
Elapsed time for this session 11 seconds ( 0.00 hours ).

Thank you...
