
                           Design Compiler Graphical 
                                 DC Ultra (TM)
                                  DFTMAX (TM)
                              Power Compiler (TM)
                                 DesignWare (R)
                                 DC Expert (TM)
                               Design Vision (TM)
                               HDL Compiler (TM)
                               VHDL Compiler (TM)
                                  DFT Compiler
                               Design Compiler(R)

               Version Q-2019.12-SP3 for linux64 - Apr 21, 2020 

                    Copyright (c) 1988 - 2020 Synopsys, Inc.
   This software and the associated documentation are proprietary to Synopsys,
 Inc. This software may only be used in accordance with the terms and conditions
 of a written license agreement with Synopsys, Inc. All other use, reproduction,
            or distribution of this software is strictly prohibited.
Initializing...
# ECE552 Extra Credit
read_file -format sverilog {pe_inner.sv}
Loading db file '/cae/apps/data/saed32_edk-2018/lib/stdcell_rvt/db_nldm/saed32rvt_tt0p85v25c.db'
Loading db file '/cae/apps/data/saed32_edk-2018/lib/io_std/db_nldm/saed32io_wb_tt1p05v25c_2p5v.db'
Loading db file '/cae/apps/data/synopsys-2020/syn/Q-2019.12-SP3/libraries/syn/gtech.db'
Loading db file '/cae/apps/data/synopsys-2020/syn/Q-2019.12-SP3/libraries/syn/standard.sldb'
  Loading link library 'saed32rvt_tt0p85v25c'
  Loading link library 'saed32io_wb_tt1p05v25c_2p5v'
  Loading link library 'gtech'
Detecting input file type automatically (-rtl or -netlist).
Reading with Presto HDL Compiler (equivalent to -rtl option).
Running PRESTO HDLC
Compiling source file /filespace/d/dwu94/Project/uSystolic-Sim/synthesis/32nm_rvt/16bit/binaryserial/pe_inner.sv
Opening include file ireg_inner.sv
Opening include file wreg.sv
Opening include file mul_inner.sv
Opening include file acc.sv

Inferred memory devices in process
	in routine ireg_inner line 16 in file
		'ireg_inner.sv'.
===============================================================================
|    Register Name    |   Type    | Width | Bus | MB | AR | AS | SR | SS | ST |
===============================================================================
|     o_data_reg      | Flip-flop |  16   |  Y  | N  | Y  | N  | N  | N  | N  |
===============================================================================

Inferred memory devices in process
	in routine wreg line 16 in file
		'wreg.sv'.
===============================================================================
|    Register Name    |   Type    | Width | Bus | MB | AR | AS | SR | SS | ST |
===============================================================================
|     o_data_reg      | Flip-flop |  16   |  Y  | N  | Y  | N  | N  | N  | N  |
===============================================================================

Inferred memory devices in process
	in routine mul_inner line 19 in file
		'mul_inner.sv'.
===============================================================================
|    Register Name    |   Type    | Width | Bus | MB | AR | AS | SR | SS | ST |
===============================================================================
|      o_idx_reg      | Flip-flop |   4   |  Y  | N  | Y  | N  | N  | N  | N  |
===============================================================================
Statistics for MUX_OPs
======================================================
| block name/line  | Inputs | Outputs | # sel inputs |
======================================================
|   mul_inner/31   |   16   |    1    |      4       |
======================================================

Inferred memory devices in process
	in routine acc line 18 in file
		'acc.sv'.
===============================================================================
|    Register Name    |   Type    | Width | Bus | MB | AR | AS | SR | SS | ST |
===============================================================================
|      sum_o_reg      | Flip-flop |  32   |  Y  | N  | Y  | N  | N  | N  | N  |
===============================================================================

Inferred memory devices in process
	in routine pe_inner line 92 in file
		'/filespace/d/dwu94/Project/uSystolic-Sim/synthesis/32nm_rvt/16bit/binaryserial/pe_inner.sv'.
===============================================================================
|    Register Name    |   Type    | Width | Bus | MB | AR | AS | SR | SS | ST |
===============================================================================
|     en_i_d_reg      | Flip-flop |   1   |  N  | N  | N  | N  | N  | N  | N  |
|     en_w_d_reg      | Flip-flop |   1   |  N  | N  | N  | N  | N  | N  | N  |
|     en_o_d_reg      | Flip-flop |   1   |  N  | N  | N  | N  | N  | N  | N  |
|     clr_i_d_reg     | Flip-flop |   1   |  N  | N  | N  | N  | N  | N  | N  |
|     clr_w_d_reg     | Flip-flop |   1   |  N  | N  | N  | N  | N  | N  | N  |
|     clr_o_d_reg     | Flip-flop |   1   |  N  | N  | N  | N  | N  | N  | N  |
|   mac_done_d_reg    | Flip-flop |   1   |  N  | N  | N  | N  | N  | N  | N  |
===============================================================================
Presto compilation completed successfully.
Loaded 5 designs.
Current design is 'ireg_inner'.
ireg_inner wreg mul_inner acc pe_inner
set current_design pe_inner
pe_inner
link

  Linking design 'pe_inner'
  Using the following designs and libraries:
  --------------------------------------------------------------------------
  pe_inner                    /filespace/d/dwu94/Project/uSystolic-Sim/synthesis/32nm_rvt/16bit/binaryserial/pe_inner.db
  saed32rvt_tt0p85v25c (library) /cae/apps/data/saed32_edk-2018/lib/stdcell_rvt/db_nldm/saed32rvt_tt0p85v25c.db
  saed32io_wb_tt1p05v25c_2p5v (library) /cae/apps/data/saed32_edk-2018/lib/io_std/db_nldm/saed32io_wb_tt1p05v25c_2p5v.db
  * (4 designs)               /filespace/d/dwu94/Project/uSystolic-Sim/synthesis/32nm_rvt/16bit/binaryserial/ireg_inner.db, etc

Information: Building the design 'ireg_inner' instantiated from design 'pe_inner' with
	the parameters "WIDTH=16". (HDL-193)

Inferred memory devices in process
	in routine ireg_inner_WIDTH16 line 16 in file
		'ireg_inner.sv'.
===============================================================================
|    Register Name    |   Type    | Width | Bus | MB | AR | AS | SR | SS | ST |
===============================================================================
|     o_data_reg      | Flip-flop |  16   |  Y  | N  | Y  | N  | N  | N  | N  |
===============================================================================
Presto compilation completed successfully. (ireg_inner_WIDTH16)
Information: Building the design 'wreg' instantiated from design 'pe_inner' with
	the parameters "WIDTH=16". (HDL-193)

Inferred memory devices in process
	in routine wreg_WIDTH16 line 16 in file
		'wreg.sv'.
===============================================================================
|    Register Name    |   Type    | Width | Bus | MB | AR | AS | SR | SS | ST |
===============================================================================
|     o_data_reg      | Flip-flop |  16   |  Y  | N  | Y  | N  | N  | N  | N  |
===============================================================================
Presto compilation completed successfully. (wreg_WIDTH16)
Information: Building the design 'mul_inner' instantiated from design 'pe_inner' with
	the parameters "WIDTH=16,DEPTH=4". (HDL-193)

Inferred memory devices in process
	in routine mul_inner_WIDTH16_DEPTH4 line 19 in file
		'mul_inner.sv'.
===============================================================================
|    Register Name    |   Type    | Width | Bus | MB | AR | AS | SR | SS | ST |
===============================================================================
|      o_idx_reg      | Flip-flop |   4   |  Y  | N  | Y  | N  | N  | N  | N  |
===============================================================================
Statistics for MUX_OPs
=================================================================
|      block name/line        | Inputs | Outputs | # sel inputs |
=================================================================
| mul_inner_WIDTH16_DEPTH4/31 |   16   |    1    |      4       |
=================================================================
Presto compilation completed successfully. (mul_inner_WIDTH16_DEPTH4)
Information: Building the design 'acc' instantiated from design 'pe_inner' with
	the parameters "WIDTH=32". (HDL-193)

Inferred memory devices in process
	in routine acc_WIDTH32 line 18 in file
		'acc.sv'.
===============================================================================
|    Register Name    |   Type    | Width | Bus | MB | AR | AS | SR | SS | ST |
===============================================================================
|      sum_o_reg      | Flip-flop |  32   |  Y  | N  | Y  | N  | N  | N  | N  |
===============================================================================
Presto compilation completed successfully. (acc_WIDTH32)
1
###########################################
# Define clock and set don't mess with it #
###########################################
# clk with frequency of 400 MHz
create_clock -name "clk" -period 2.5 -waveform { 0 1.25 } { clk }
1
set_dont_touch_network [find port clk]
1
# pointer to all inputs except clk
set prim_inputs [remove_from_collection [all_inputs] [find port clk]]
{rst_n idx[3] idx[2] idx[1] idx[0] mac_done en_i clr_i en_w clr_w en_o clr_o ifm[15] ifm[14] ifm[13] ifm[12] ifm[11] ifm[10] ifm[9] ifm[8] ifm[7] ifm[6] ifm[5] ifm[4] ifm[3] ifm[2] ifm[1] ifm[0] wght[15] wght[14] wght[13] wght[12] wght[11] wght[10] wght[9] wght[8] wght[7] wght[6] wght[5] wght[4] wght[3] wght[2] wght[1] wght[0] ofm[31] ofm[30] ofm[29] ofm[28] ofm[27] ofm[26] ofm[25] ofm[24] ofm[23] ofm[22] ofm[21] ofm[20] ofm[19] ofm[18] ofm[17] ofm[16] ofm[15] ofm[14] ofm[13] ofm[12] ofm[11] ofm[10] ofm[9] ofm[8] ofm[7] ofm[6] ofm[5] ofm[4] ofm[3] ofm[2] ofm[1] ofm[0]}
# pointer to all inputs except clk and rst_n
set prim_inputs_no_rst [remove_from_collection $prim_inputs [find port rst_n]]
{idx[3] idx[2] idx[1] idx[0] mac_done en_i clr_i en_w clr_w en_o clr_o ifm[15] ifm[14] ifm[13] ifm[12] ifm[11] ifm[10] ifm[9] ifm[8] ifm[7] ifm[6] ifm[5] ifm[4] ifm[3] ifm[2] ifm[1] ifm[0] wght[15] wght[14] wght[13] wght[12] wght[11] wght[10] wght[9] wght[8] wght[7] wght[6] wght[5] wght[4] wght[3] wght[2] wght[1] wght[0] ofm[31] ofm[30] ofm[29] ofm[28] ofm[27] ofm[26] ofm[25] ofm[24] ofm[23] ofm[22] ofm[21] ofm[20] ofm[19] ofm[18] ofm[17] ofm[16] ofm[15] ofm[14] ofm[13] ofm[12] ofm[11] ofm[10] ofm[9] ofm[8] ofm[7] ofm[6] ofm[5] ofm[4] ofm[3] ofm[2] ofm[1] ofm[0]}
# Set clk uncertainty (skew)
set_clock_uncertainty 0.15 clk
1
#########################################
# Set input delay & drive on all inputs #
#########################################
set_input_delay -clock clk 0.25 [copy_collection $prim_inputs]
1
#set_driving_cell -lib_cell ND2D2BWP -library tcbn40lpbwptc $prim_inputs_no_rst
# rst_n goes to many places so don't touch
set_dont_touch_network [find port rst_n]
1
##########################################
# Set output delay & load on all outputs #
##########################################
set_output_delay -clock clk 0.5 [all_outputs]
1
set_load 0.1 [all_outputs]
1
#############################################################
# Wire load model allows it to estimate internal parasitics #
#############################################################
# set_wire_load_model -name TSMC32K_Lowk_Conservative -library tcbn40lpbwptc
######################################################
# Max transition time is important for Hot-E reasons #
######################################################
set_max_transition 0.1 [current_design]
1
########################################
# Now actually synthesize for 1st time #
########################################
compile -map_effort medium
Warning: Setting attribute 'fix_multiple_port_nets' on design 'pe_inner'. (UIO-59)
Information: Evaluating DesignWare library utilization. (UISN-27)

============================================================================
| DesignWare Building Block Library  |         Version         | Available |
============================================================================
| Basic DW Building Blocks           | Q-2019.12-DWBB_201912.3 |     *     |
| Licensed DW Building Blocks        |                         |           |
============================================================================


Information: There are 3 potential problems in your design. Please run 'check_design' for more information. (LINT-99)


Warning: Operating condition tt0p85v25c set on design pe_inner has different process,
voltage and temperatures parameters than the parameters at which target library 
saed32io_wb_tt1p05v25c_2p5v is characterized. Delays may be inaccurate as a result. (OPT-998)

  Beginning Pass 1 Mapping
  ------------------------
  Processing 'acc_WIDTH32'
  Processing 'mul_inner_WIDTH16_DEPTH4'
  Processing 'wreg_WIDTH16'
  Processing 'ireg_inner_WIDTH16'
  Processing 'pe_inner'

  Updating timing information
Information: Updating design information... (UID-85)

  Beginning Implementation Selection
  ----------------------------------
  Processing 'acc_WIDTH32_DW01_add_0'

  Beginning Mapping Optimizations  (Medium effort)
  -------------------------------
  Mapping Optimization (Phase 1)

                                  TOTAL                                      
   ELAPSED            WORST NEG   SETUP    DESIGN                            
    TIME      AREA      SLACK     COST    RULE COST         ENDPOINT         
  --------- --------- --------- --------- --------- -------------------------
    0:00:04    1762.2      0.22       0.5       0.7                          
    0:00:04    1762.2      0.22       0.5       0.7                          
    0:00:04    1762.2      0.22       0.5       0.7                          
    0:00:04    1762.0      0.22       0.5       0.7                          
    0:00:04    1762.0      0.22       0.5       0.7                          
    0:00:04    1573.9      0.18       0.4       0.7                          
    0:00:04    1576.5      0.16       0.3       0.7                          
    0:00:04    1581.5      0.16       0.3       0.7                          
    0:00:04    1582.6      0.14       0.3       0.7                          
    0:00:04    1583.1      0.14       0.3       0.0                          
    0:00:04    1583.1      0.13       0.2       0.0                          
    0:00:04    1583.1      0.13       0.2       0.0                          
    0:00:04    1593.2      0.14       0.2       0.0                          
    0:00:04    1592.7      0.13       0.2       0.0                          
    0:00:04    1592.7      0.13       0.2       0.0                          
    0:00:04    1592.7      0.13       0.2       0.0                          
    0:00:04    1592.7      0.13       0.2       0.0                          
    0:00:04    1592.7      0.13       0.2       0.0                          
    0:00:04    1592.7      0.13       0.2       0.0                          



  Beginning Delay Optimization Phase
  ----------------------------------

                                  TOTAL                                      
   ELAPSED            WORST NEG   SETUP    DESIGN                            
    TIME      AREA      SLACK     COST    RULE COST         ENDPOINT         
  --------- --------- --------- --------- --------- -------------------------
    0:00:04    1592.7      0.13       0.2       0.0                          
    0:00:04    1610.8      0.07       0.1       0.0 U_acc/sum_o_reg[31]/D    
    0:00:04    1637.2      0.06       0.1       0.0 U_acc/sum_o_reg[31]/D    
    0:00:04    1654.2      0.04       0.0       0.0 U_acc/sum_o_reg[31]/D    
    0:00:05    1662.1      0.03       0.0       0.0 U_acc/sum_o_reg[31]/D    
    0:00:05    1657.8      0.01       0.0       0.0 U_acc/sum_o_reg[31]/D    
    0:00:05    1652.4      0.01       0.0       0.0 U_acc/sum_o_reg[31]/D    
    0:00:05    1651.9      0.00       0.0       0.0 U_acc/sum_o_reg[31]/D    
    0:00:05    1651.9      0.00       0.0       0.0                          
    0:00:05    1651.9      0.00       0.0       0.0                          


  Beginning Area-Recovery Phase  (cleanup)
  -----------------------------

                                  TOTAL                                      
   ELAPSED            WORST NEG   SETUP    DESIGN                            
    TIME      AREA      SLACK     COST    RULE COST         ENDPOINT         
  --------- --------- --------- --------- --------- -------------------------
    0:00:05    1651.9      0.00       0.0       0.0                          
    0:00:05    1651.9      0.00       0.0       0.0                          
    0:00:05    1583.8      0.01       0.0       0.0                          
    0:00:05    1580.0      0.01       0.0       0.0                          
    0:00:05    1578.7      0.01       0.0       0.0                          
    0:00:05    1578.7      0.01       0.0       0.0                          
    0:00:05    1578.7      0.01       0.0       0.0                          
    0:00:05    1579.3      0.01       0.0       0.0                          
    0:00:05    1576.7      0.01       0.0       0.0                          
    0:00:05    1576.5      0.01       0.0       0.0                          
    0:00:05    1576.5      0.01       0.0       0.0                          
    0:00:05    1576.5      0.01       0.0       0.0                          
    0:00:05    1576.5      0.01       0.0       0.0                          
    0:00:05    1576.5      0.01       0.0       0.0                          
    0:00:05    1576.5      0.01       0.0       0.0                          
    0:00:05    1575.7      0.01       0.0       0.0                          
    0:00:05    1590.2      0.00       0.0       0.0                          
    0:00:06    1589.9      0.00       0.0       0.0                          


Note: Symbol # after min delay cost means estimated hold TNS across all active scenarios 


  Optimization Complete
  ---------------------
1
check_design
 
****************************************
check_design summary:
Version:     Q-2019.12-SP3
Date:        Tue Mar 23 10:26:22 2021
****************************************

                   Name                                            Total
--------------------------------------------------------------------------------
Inputs/Outputs                                                      2
    Unconnected ports (LINT-28)                                     2

Cells                                                               3
    Connected to power or ground (LINT-32)                          3
--------------------------------------------------------------------------------

Warning: In design 'acc_WIDTH32_DW01_add_1', port 'CI' is not connected to any nets. (LINT-28)
Warning: In design 'acc_WIDTH32_DW01_add_1', port 'CO' is not connected to any nets. (LINT-28)
Warning: In design 'pe_inner', a pin on submodule 'U_mul_inner' is connected to logic 1 or logic 0. (LINT-32)
   Pin 'en' is connected to logic 1. 
Warning: In design 'pe_inner', a pin on submodule 'U_mul_inner' is connected to logic 1 or logic 0. (LINT-32)
   Pin 'clr' is connected to logic 0. 
Warning: In design 'acc_WIDTH32', a pin on submodule 'add_26' is connected to logic 1 or logic 0. (LINT-32)
   Pin 'CI' is connected to logic 0. 
1
# Unflatten design now that its compiled
ungroup -all -flatten
Information: Updating graph... (UID-83)
1
# force hold time to be met for all flops
set_fix_hold clk
1
# Compile again with higher effort
compile -map_effort high
Warning: "The variable 'compile_high_effort_area_in_incremental' is supported in DC NXT only. Ignoring this setting." (OPT-1726)

Information: There are 1 potential problems in your design. Please run 'check_design' for more information. (LINT-99)


Warning: Operating condition tt0p85v25c set on design pe_inner has different process,
voltage and temperatures parameters than the parameters at which target library 
saed32io_wb_tt1p05v25c_2p5v is characterized. Delays may be inaccurate as a result. (OPT-998)

  Beginning Pass 1 Mapping
  ------------------------
  Processing 'pe_inner'

  Updating timing information
Information: Updating design information... (UID-85)

  Beginning Mapping Optimizations  (High effort)
  -------------------------------
  Mapping Optimization (Phase 2)

                                  TOTAL                                                  
   ELAPSED            WORST NEG   SETUP    DESIGN                              MIN DELAY 
    TIME      AREA      SLACK     COST    RULE COST         ENDPOINT             COST    
  --------- --------- --------- --------- --------- ------------------------- -----------
    0:00:08    1914.7      0.19       0.5       0.1                                0.00  
    0:00:08    1909.6      0.19       0.5       0.1                                0.00  
    0:00:08    1909.6      0.19       0.5       0.1                                0.00  
    0:00:08    1909.6      0.19       0.5       0.1                                0.00  
    0:00:08    1909.6      0.19       0.5       0.1                                0.00  
    0:00:08    1711.2      0.21       0.6       0.1                                0.00  
    0:00:08    1711.2      0.21       0.6       0.1                                0.00  
    0:00:08    1715.0      0.17       0.4       0.1                                0.00  
    0:00:08    1720.8      0.15       0.3       0.1                                0.00  
    0:00:08    1725.9      0.14       0.4       0.1                                0.00  
    0:00:08    1728.4      0.12       0.3       0.1                                0.00  
    0:00:08    1736.1      0.10       0.3       0.1                                0.00  
    0:00:08    1743.7      0.06       0.1       0.1                                0.00  
    0:00:08    1743.9      0.02       0.0       0.1                                0.00  
    0:00:08    1743.9      0.02       0.0       0.1                                0.00  
    0:00:08    1743.9      0.02       0.0       0.1                                0.00  
    0:00:08    1743.9      0.02       0.0       0.1                                0.00  
    0:00:08    1744.7      0.02       0.0       0.0                                0.00  
    0:00:08    1744.7      0.02       0.0       0.0                                0.00  
    0:00:08    1744.7      0.02       0.0       0.0                                0.00  
    0:00:08    1744.7      0.02       0.0       0.0                                0.00  



  Beginning Delay Optimization Phase
  ----------------------------------

                                  TOTAL                                                  
   ELAPSED            WORST NEG   SETUP    DESIGN                              MIN DELAY 
    TIME      AREA      SLACK     COST    RULE COST         ENDPOINT             COST    
  --------- --------- --------- --------- --------- ------------------------- -----------
    0:00:08    1744.7      0.02       0.0       0.0                                0.00  
    0:00:08    1744.2      0.00       0.0       0.0 U_acc/sum_o_reg[31]/D          0.00  
    0:00:08    1768.3      0.00       0.0       0.0                                0.00  
    0:00:08    1768.3      0.00       0.0       0.0                                0.00  
    0:00:09    1699.5      0.00       0.0       4.4                                0.00  


  Beginning Design Rule Fixing  (max_transition)  (max_capacitance)
  ----------------------------

                                  TOTAL                                                  
   ELAPSED            WORST NEG   SETUP    DESIGN                              MIN DELAY 
    TIME      AREA      SLACK     COST    RULE COST         ENDPOINT             COST    
  --------- --------- --------- --------- --------- ------------------------- -----------
    0:00:09    1699.5      0.00       0.0       4.4                                0.00  
    0:00:09    1700.0      0.00       0.0       0.0                                0.00  


  Beginning Area-Recovery Phase  (cleanup)
  -----------------------------

                                  TOTAL                                                  
   ELAPSED            WORST NEG   SETUP    DESIGN                              MIN DELAY 
    TIME      AREA      SLACK     COST    RULE COST         ENDPOINT             COST    
  --------- --------- --------- --------- --------- ------------------------- -----------
    0:00:09    1700.0      0.00       0.0       0.0                                0.00  
    0:00:09    1700.0      0.00       0.0       0.0                                0.00  
    0:00:09    1678.4      0.00       0.0       0.0                                0.00  
    0:00:09    1675.6      0.04       0.1       0.0                                0.00  
    0:00:09    1674.3      0.04       0.1       0.0                                0.00  
    0:00:09    1674.3      0.04       0.1       0.0                                0.00  
    0:00:09    1674.3      0.04       0.1       0.0                                0.00  
    0:00:09    1674.3      0.04       0.1       0.0                                0.00  
    0:00:09    1681.9      0.02       0.0       0.0 U_acc/sum_o_reg[31]/D          0.00  
    0:00:09    1679.9      0.00       0.0       0.0                                0.00  
    0:00:09    1676.6      0.00       0.0       0.0                                0.00  
    0:00:09    1668.7      0.00       0.0       0.0                                0.00  
    0:00:09    1668.7      0.00       0.0       0.0                                0.00  
    0:00:09    1668.7      0.00       0.0       0.0                                0.00  
    0:00:09    1668.7      0.00       0.0       0.0                                0.00  
    0:00:09    1668.7      0.00       0.0       0.0                                0.00  
    0:00:09    1668.7      0.00       0.0       0.0                                0.00  


Note: Symbol # after min delay cost means estimated hold TNS across all active scenarios 


  Optimization Complete
  ---------------------
1
check_design
1
#############################################
# Take a look at area, max, and min timings #
#############################################
report_area > pe_inner_area.txt
report_power > pe_inner_power.txt
report_timing -delay min > pe_inner_min_delay.txt
report_timing -delay max > pe_inner_max_delay.txt
#### write out final netlist ######
write -format verilog pe_inner -output pe_inner.vg
Writing verilog file '/filespace/d/dwu94/Project/uSystolic-Sim/synthesis/32nm_rvt/16bit/binaryserial/pe_inner.vg'.
1
exit
Memory usage for this session 142 Mbytes.
Memory usage for this session including child processes 142 Mbytes.
CPU usage for this session 9 seconds ( 0.00 hours ).
Elapsed time for this session 11 seconds ( 0.00 hours ).

Thank you...
