
                           Design Compiler Graphical 
                                 DC Ultra (TM)
                                  DFTMAX (TM)
                              Power Compiler (TM)
                                 DesignWare (R)
                                 DC Expert (TM)
                               Design Vision (TM)
                               HDL Compiler (TM)
                               VHDL Compiler (TM)
                                  DFT Compiler
                               Design Compiler(R)

               Version Q-2019.12-SP3 for linux64 - Apr 21, 2020 

                    Copyright (c) 1988 - 2020 Synopsys, Inc.
   This software and the associated documentation are proprietary to Synopsys,
 Inc. This software may only be used in accordance with the terms and conditions
 of a written license agreement with Synopsys, Inc. All other use, reproduction,
            or distribution of this software is strictly prohibited.
Initializing...
# ECE552 Extra Credit
read_file -format sverilog {mul_border.sv}
Loading db file '/cae/apps/data/saed32_edk-2018/lib/stdcell_rvt/db_nldm/saed32rvt_tt0p85v25c.db'
Loading db file '/cae/apps/data/saed32_edk-2018/lib/io_std/db_nldm/saed32io_wb_tt1p05v25c_2p5v.db'
Loading db file '/cae/apps/data/synopsys-2020/syn/Q-2019.12-SP3/libraries/syn/gtech.db'
Loading db file '/cae/apps/data/synopsys-2020/syn/Q-2019.12-SP3/libraries/syn/standard.sldb'
  Loading link library 'saed32rvt_tt0p85v25c'
  Loading link library 'saed32io_wb_tt1p05v25c_2p5v'
  Loading link library 'gtech'
Detecting input file type automatically (-rtl or -netlist).
Reading with Presto HDL Compiler (equivalent to -rtl option).
Running PRESTO HDLC
Compiling source file /filespace/d/dwu94/Project/uSystolic-Sim/synthesis/32nm_rvt/16bit/ugemmrate/mul_border.sv
Opening include file sobol16.sv

Statistics for case statements in always block at line 81 in file
	'sobol16.sv'
===============================================
|           Line           |  full/ parallel  |
===============================================
|            82            |    auto/auto     |
===============================================

Inferred memory devices in process
	in routine sobol16 line 20 in file
		'sobol16.sv'.
===============================================================================
|    Register Name    |   Type    | Width | Bus | MB | AR | AS | SR | SS | ST |
===============================================================================
|       cnt_reg       | Flip-flop |  16   |  Y  | N  | Y  | N  | N  | N  | N  |
===============================================================================

Inferred memory devices in process
	in routine sobol16 line 49 in file
		'sobol16.sv'.
===============================================================================
|    Register Name    |   Type    | Width | Bus | MB | AR | AS | SR | SS | ST |
===============================================================================
|    sobolSeq_reg     | Flip-flop |  16   |  Y  | N  | Y  | N  | N  | N  | N  |
===============================================================================
Presto compilation completed successfully.
Loaded 2 designs.
Current design is 'sobol16'.
sobol16 mul_border
set current_design mul_border
mul_border
link

  Linking design 'mul_border'
  Using the following designs and libraries:
  --------------------------------------------------------------------------
  mul_border                  /filespace/d/dwu94/Project/uSystolic-Sim/synthesis/32nm_rvt/16bit/ugemmrate/mul_border.db
  saed32rvt_tt0p85v25c (library) /cae/apps/data/saed32_edk-2018/lib/stdcell_rvt/db_nldm/saed32rvt_tt0p85v25c.db
  saed32io_wb_tt1p05v25c_2p5v (library) /cae/apps/data/saed32_edk-2018/lib/io_std/db_nldm/saed32io_wb_tt1p05v25c_2p5v.db
  sobol16                     /filespace/d/dwu94/Project/uSystolic-Sim/synthesis/32nm_rvt/16bit/ugemmrate/sobol16.db

Information: Building the design 'sobol8'. (HDL-193)
Warning: Cannot find the design 'sobol8' in the library 'WORK'. (LBR-1)
Warning: Unable to resolve reference 'sobol8' in 'mul_border'. (LINK-5)
0
###########################################
# Define clock and set don't mess with it #
###########################################
# clk with frequency of 400 MHz
create_clock -name "clk" -period 2.5 -waveform { 0 1.25 } { clk }
Warning: Design 'mul_border' has '1' unresolved references. For more detailed information, use the "link" command. (UID-341)
1
set_dont_touch_network [find port clk]
Warning: Design 'mul_border' has '1' unresolved references. For more detailed information, use the "link" command. (UID-341)
1
# pointer to all inputs except clk
set prim_inputs [remove_from_collection [all_inputs] [find port clk]]
{rst_n i_data_i[15] i_data_i[14] i_data_i[13] i_data_i[12] i_data_i[11] i_data_i[10] i_data_i[9] i_data_i[8] i_data_i[7] i_data_i[6] i_data_i[5] i_data_i[4] i_data_i[3] i_data_i[2] i_data_i[1] i_data_i[0] i_data_w[15] i_data_w[14] i_data_w[13] i_data_w[12] i_data_w[11] i_data_w[10] i_data_w[9] i_data_w[8] i_data_w[7] i_data_w[6] i_data_w[5] i_data_w[4] i_data_w[3] i_data_w[2] i_data_w[1] i_data_w[0]}
# pointer to all inputs except clk and rst_n
set prim_inputs_no_rst [remove_from_collection $prim_inputs [find port rst_n]]
{i_data_i[15] i_data_i[14] i_data_i[13] i_data_i[12] i_data_i[11] i_data_i[10] i_data_i[9] i_data_i[8] i_data_i[7] i_data_i[6] i_data_i[5] i_data_i[4] i_data_i[3] i_data_i[2] i_data_i[1] i_data_i[0] i_data_w[15] i_data_w[14] i_data_w[13] i_data_w[12] i_data_w[11] i_data_w[10] i_data_w[9] i_data_w[8] i_data_w[7] i_data_w[6] i_data_w[5] i_data_w[4] i_data_w[3] i_data_w[2] i_data_w[1] i_data_w[0]}
# Set clk uncertainty (skew)
set_clock_uncertainty 0.15 clk
Warning: Design 'mul_border' has '1' unresolved references. For more detailed information, use the "link" command. (UID-341)
1
#########################################
# Set input delay & drive on all inputs #
#########################################
set_input_delay -clock clk 0.25 [copy_collection $prim_inputs]
Warning: Design 'mul_border' has '1' unresolved references. For more detailed information, use the "link" command. (UID-341)
1
#set_driving_cell -lib_cell ND2D2BWP -library tcbn40lpbwptc $prim_inputs_no_rst
# rst_n goes to many places so don't touch
set_dont_touch_network [find port rst_n]
Warning: Design 'mul_border' has '1' unresolved references. For more detailed information, use the "link" command. (UID-341)
1
##########################################
# Set output delay & load on all outputs #
##########################################
set_output_delay -clock clk 0.5 [all_outputs]
Warning: Design 'mul_border' has '1' unresolved references. For more detailed information, use the "link" command. (UID-341)
1
set_load 0.1 [all_outputs]
1
#############################################################
# Wire load model allows it to estimate internal parasitics #
#############################################################
# set_wire_load_model -name TSMC32K_Lowk_Conservative -library tcbn40lpbwptc
######################################################
# Max transition time is important for Hot-E reasons #
######################################################
set_max_transition 0.1 [current_design]
1
########################################
# Now actually synthesize for 1st time #
########################################
compile -map_effort medium
Warning: Design 'mul_border' has '1' unresolved references. For more detailed information, use the "link" command. (UID-341)
Warning: Setting attribute 'fix_multiple_port_nets' on design 'mul_border'. (UIO-59)
Information: Evaluating DesignWare library utilization. (UISN-27)

============================================================================
| DesignWare Building Block Library  |         Version         | Available |
============================================================================
| Basic DW Building Blocks           | Q-2019.12-DWBB_201912.3 |     *     |
| Licensed DW Building Blocks        |                         |           |
============================================================================


Information: There are 6 potential problems in your design. Please run 'check_design' for more information. (LINT-99)


Warning: Operating condition tt0p85v25c set on design mul_border has different process,
voltage and temperatures parameters than the parameters at which target library 
saed32io_wb_tt1p05v25c_2p5v is characterized. Delays may be inaccurate as a result. (OPT-998)

  Beginning Pass 1 Mapping
  ------------------------
  Processing 'mul_border'
Information: Building the design 'sobol8'. (HDL-193)
Warning: Cannot find the design 'sobol8' in the library 'WORK'. (LBR-1)
Warning: Unable to resolve reference 'sobol8' in 'mul_border'. (LINK-5)
Warning: Design 'mul_border' has '1' unresolved references. For more detailed information, use the "link" command. (UID-341)

  Updating timing information
Information: Updating design information... (UID-85)

  Beginning Implementation Selection
  ----------------------------------
  Processing 'mul_border_DW01_cmp2_0'
  Processing 'mul_border_DW01_cmp2_1'
  Processing 'mul_border_DW01_cmp2_2'

  Beginning Mapping Optimizations  (Medium effort)
  -------------------------------

                                  TOTAL                                      
   ELAPSED            WORST NEG   SETUP    DESIGN                            
    TIME      AREA      SLACK     COST    RULE COST         ENDPOINT         
  --------- --------- --------- --------- --------- -------------------------
    0:00:03     210.2      0.00       0.0       0.0                          
    0:00:03     210.2      0.00       0.0       0.0                          
    0:00:03     210.2      0.00       0.0       0.0                          
    0:00:03     210.2      0.00       0.0       0.0                          
    0:00:03     210.2      0.00       0.0       0.0                          
    0:00:03     207.4      0.00       0.0       0.0                          
    0:00:03     207.4      0.00       0.0       0.0                          
    0:00:03     207.4      0.00       0.0       0.0                          
    0:00:03     207.4      0.00       0.0       0.0                          
    0:00:03     207.4      0.00       0.0       0.0                          
    0:00:03     207.4      0.00       0.0       0.0                          
    0:00:03     207.4      0.00       0.0       0.0                          
    0:00:03     207.4      0.00       0.0       0.0                          



  Beginning Delay Optimization Phase
  ----------------------------------

                                  TOTAL                                      
   ELAPSED            WORST NEG   SETUP    DESIGN                            
    TIME      AREA      SLACK     COST    RULE COST         ENDPOINT         
  --------- --------- --------- --------- --------- -------------------------
    0:00:03     207.4      0.00       0.0       0.0                          
    0:00:03     207.4      0.00       0.0       0.0                          
    0:00:03     207.4      0.00       0.0       0.0                          


  Beginning Area-Recovery Phase  (cleanup)
  -----------------------------

                                  TOTAL                                      
   ELAPSED            WORST NEG   SETUP    DESIGN                            
    TIME      AREA      SLACK     COST    RULE COST         ENDPOINT         
  --------- --------- --------- --------- --------- -------------------------
    0:00:03     207.4      0.00       0.0       0.0                          
    0:00:03     207.4      0.00       0.0       0.0                          
    0:00:03     207.4      0.00       0.0       0.0                          
    0:00:03     207.4      0.00       0.0       0.0                          
    0:00:03     207.4      0.00       0.0       0.0                          
    0:00:03     207.4      0.00       0.0       0.0                          
    0:00:03     207.4      0.00       0.0       0.0                          
    0:00:03     207.4      0.00       0.0       0.0                          
    0:00:03     207.4      0.00       0.0       0.0                          
    0:00:03     207.4      0.00       0.0       0.0                          
    0:00:03     207.4      0.00       0.0       0.0                          


Note: Symbol # after min delay cost means estimated hold TNS across all active scenarios 


  Optimization Complete
  ---------------------
1
check_design
Information: Building the design 'sobol8'. (HDL-193)
Warning: Cannot find the design 'sobol8' in the library 'WORK'. (LBR-1)
Warning: Unable to resolve reference 'sobol8' in 'mul_border'. (LINK-5)
 
****************************************
check_design summary:
Version:     Q-2019.12-SP3
Date:        Sat Jun 12 04:18:44 2021
****************************************

                   Name                                            Total
--------------------------------------------------------------------------------
Inputs/Outputs                                                      2
    Multiply driven inputs (LINT-6)                                 2

Nets                                                                1
    Multiply driven net with constant driver (LINT-54)              1

Tristate                                                            3
    A tristate bus has a non tri-state driver (LINT-34)             3
--------------------------------------------------------------------------------

Warning: In design 'mul_border', input port 'clk' drives wired logic; the port direction may have been specified incorrectly. (LINT-6)
Warning: In design 'mul_border', input port 'rst_n' drives wired logic; the port direction may have been specified incorrectly. (LINT-6)
Warning: In design 'mul_border', three-state bus 'n99' has non three-state driver 'U104/**logic_1**'. (LINT-34)
Warning: In design 'mul_border', three-state bus 'bitI_inv' has non three-state driver 'I_0/Y'. (LINT-34)
Warning: In design 'mul_border', three-state bus 'i_bit_d' has non three-state driver 'gt_33/ULTI2/Y'. (LINT-34)
Warning: In design 'mul_border', multiply-driven net 'n99' is driven by constant 1. (LINT-54)
1
# Unflatten design now that its compiled
ungroup -all -flatten
Warning: Design 'mul_border' has '1' unresolved references. For more detailed information, use the "link" command. (UID-341)
Warning: Design has no hierarchy.  No cells can be ungrouped. (UID-228)
0
# force hold time to be met for all flops
set_fix_hold clk
Warning: Design 'mul_border' has '1' unresolved references. For more detailed information, use the "link" command. (UID-341)
1
# Compile again with higher effort
compile -map_effort high
Warning: Design 'mul_border' has '1' unresolved references. For more detailed information, use the "link" command. (UID-341)
Warning: "The variable 'compile_high_effort_area_in_incremental' is supported in DC NXT only. Ignoring this setting." (OPT-1726)

Information: There are 6 potential problems in your design. Please run 'check_design' for more information. (LINT-99)


Warning: Operating condition tt0p85v25c set on design mul_border has different process,
voltage and temperatures parameters than the parameters at which target library 
saed32io_wb_tt1p05v25c_2p5v is characterized. Delays may be inaccurate as a result. (OPT-998)

  Beginning Pass 1 Mapping
  ------------------------
  Processing 'mul_border'
Information: Building the design 'sobol8'. (HDL-193)
Warning: Cannot find the design 'sobol8' in the library 'WORK'. (LBR-1)
Warning: Unable to resolve reference 'sobol8' in 'mul_border'. (LINK-5)
Warning: Design 'mul_border' has '1' unresolved references. For more detailed information, use the "link" command. (UID-341)

  Updating timing information
Information: Updating design information... (UID-85)

  Beginning Mapping Optimizations  (High effort)
  -------------------------------

                                  TOTAL                                                  
   ELAPSED            WORST NEG   SETUP    DESIGN                              MIN DELAY 
    TIME      AREA      SLACK     COST    RULE COST         ENDPOINT             COST    
  --------- --------- --------- --------- --------- ------------------------- -----------
    0:00:05     231.0      0.00       0.0       0.0                                0.00  
    0:00:05     231.0      0.00       0.0       0.0                                0.00  
    0:00:05     231.0      0.00       0.0       0.0                                0.00  
    0:00:05     231.0      0.00       0.0       0.0                                0.00  
    0:00:05     231.0      0.00       0.0       0.0                                0.00  
    0:00:05     219.3      0.00       0.0       0.0                                0.00  
    0:00:05     219.3      0.00       0.0       0.0                                0.00  
    0:00:05     219.3      0.00       0.0       0.0                                0.00  
    0:00:05     219.3      0.00       0.0       0.0                                0.00  
    0:00:05     219.3      0.00       0.0       0.0                                0.00  
    0:00:05     219.3      0.00       0.0       0.0                                0.00  
    0:00:05     219.3      0.00       0.0       0.0                                0.00  
    0:00:05     219.3      0.00       0.0       0.0                                0.00  



  Beginning Delay Optimization Phase
  ----------------------------------

                                  TOTAL                                                  
   ELAPSED            WORST NEG   SETUP    DESIGN                              MIN DELAY 
    TIME      AREA      SLACK     COST    RULE COST         ENDPOINT             COST    
  --------- --------- --------- --------- --------- ------------------------- -----------
    0:00:05     219.3      0.00       0.0       0.0                                0.00  
    0:00:05     219.3      0.00       0.0       0.0                                0.00  
    0:00:05     219.3      0.00       0.0       0.0                                0.00  


  Beginning Area-Recovery Phase  (cleanup)
  -----------------------------

                                  TOTAL                                                  
   ELAPSED            WORST NEG   SETUP    DESIGN                              MIN DELAY 
    TIME      AREA      SLACK     COST    RULE COST         ENDPOINT             COST    
  --------- --------- --------- --------- --------- ------------------------- -----------
    0:00:05     219.3      0.00       0.0       0.0                                0.00  
    0:00:05     219.3      0.00       0.0       0.0                                0.00  
    0:00:05     219.3      0.00       0.0       0.0                                0.00  
    0:00:05     219.3      0.00       0.0       0.0                                0.00  
    0:00:05     219.3      0.00       0.0       0.0                                0.00  
    0:00:05     219.3      0.00       0.0       0.0                                0.00  
    0:00:05     219.3      0.00       0.0       0.0                                0.00  
    0:00:05     219.3      0.00       0.0       0.0                                0.00  
    0:00:05     219.3      0.00       0.0       0.0                                0.00  
    0:00:05     219.3      0.00       0.0       0.0                                0.00  
    0:00:05     219.3      0.00       0.0       0.0                                0.00  


Note: Symbol # after min delay cost means estimated hold TNS across all active scenarios 


  Optimization Complete
  ---------------------
1
check_design
Warning: Design 'mul_border' has '1' unresolved references. For more detailed information, use the "link" command. (UID-341)
 
****************************************
check_design summary:
Version:     Q-2019.12-SP3
Date:        Sat Jun 12 04:18:46 2021
****************************************

                   Name                                            Total
--------------------------------------------------------------------------------
Inputs/Outputs                                                      2
    Multiply driven inputs (LINT-6)                                 2

Nets                                                                1
    Multiply driven net with constant driver (LINT-54)              1

Tristate                                                            3
    A tristate bus has a non tri-state driver (LINT-34)             3
--------------------------------------------------------------------------------

Warning: In design 'mul_border', input port 'clk' drives wired logic; the port direction may have been specified incorrectly. (LINT-6)
Warning: In design 'mul_border', input port 'rst_n' drives wired logic; the port direction may have been specified incorrectly. (LINT-6)
Warning: In design 'mul_border', three-state bus 'n99' has non three-state driver 'U104/**logic_1**'. (LINT-34)
Warning: In design 'mul_border', three-state bus 'bitI_inv' has non three-state driver 'I_0/Y'. (LINT-34)
Warning: In design 'mul_border', three-state bus 'i_bit_d' has non three-state driver 'gt_33/ULTI2/Y'. (LINT-34)
Warning: In design 'mul_border', multiply-driven net 'n99' is driven by constant 1. (LINT-54)
1
#############################################
# Take a look at area, max, and min timings #
#############################################
report_area > mul_border_area.txt
report_power > mul_border_power.txt
report_timing -delay min > mul_border_min_delay.txt
report_timing -delay max > mul_border_max_delay.txt
#### write out final netlist ######
write -format verilog mul_border -output mul_border.vg
Warning: Design 'mul_border' has '1' unresolved references. For more detailed information, use the "link" command. (UID-341)
Writing verilog file '/filespace/d/dwu94/Project/uSystolic-Sim/synthesis/32nm_rvt/16bit/ugemmrate/mul_border.vg'.
1
exit
Memory usage for this session 142 Mbytes.
Memory usage for this session including child processes 142 Mbytes.
CPU usage for this session 4 seconds ( 0.00 hours ).
Elapsed time for this session 7 seconds ( 0.00 hours ).

Thank you...
