
                           Design Compiler Graphical 
                                 DC Ultra (TM)
                                  DFTMAX (TM)
                              Power Compiler (TM)
                                 DesignWare (R)
                                 DC Expert (TM)
                               Design Vision (TM)
                               HDL Compiler (TM)
                               VHDL Compiler (TM)
                                  DFT Compiler
                               Design Compiler(R)

               Version Q-2019.12-SP3 for linux64 - Apr 21, 2020 

                    Copyright (c) 1988 - 2020 Synopsys, Inc.
   This software and the associated documentation are proprietary to Synopsys,
 Inc. This software may only be used in accordance with the terms and conditions
 of a written license agreement with Synopsys, Inc. All other use, reproduction,
            or distribution of this software is strictly prohibited.
Initializing...
# ECE552 Extra Credit
read_file -format sverilog {pe_border.sv}
Loading db file '/cae/apps/data/saed32_edk-2018/lib/stdcell_rvt/db_nldm/saed32rvt_tt0p85v25c.db'
Loading db file '/cae/apps/data/saed32_edk-2018/lib/io_std/db_nldm/saed32io_wb_tt1p05v25c_2p5v.db'
Loading db file '/cae/apps/data/synopsys-2020/syn/Q-2019.12-SP3/libraries/syn/gtech.db'
Loading db file '/cae/apps/data/synopsys-2020/syn/Q-2019.12-SP3/libraries/syn/standard.sldb'
  Loading link library 'saed32rvt_tt0p85v25c'
  Loading link library 'saed32io_wb_tt1p05v25c_2p5v'
  Loading link library 'gtech'
Detecting input file type automatically (-rtl or -netlist).
Reading with Presto HDL Compiler (equivalent to -rtl option).
Running PRESTO HDLC
Compiling source file /filespace/d/dwu94/Project/uSystolic-Sim/synthesis/32nm_rvt/16bit/ugemmrate/pe_border.sv
Opening include file ireg_border.sv
Opening include file wreg.sv
Opening include file mul_border.sv
Opening include file sobol16.sv
Opening include file acc.sv

Inferred memory devices in process
	in routine ireg_border line 16 in file
		'ireg_border.sv'.
===============================================================================
|    Register Name    |   Type    | Width | Bus | MB | AR | AS | SR | SS | ST |
===============================================================================
|     o_data_reg      | Flip-flop |  16   |  Y  | N  | Y  | N  | N  | N  | N  |
===============================================================================

Inferred memory devices in process
	in routine wreg line 16 in file
		'wreg.sv'.
===============================================================================
|    Register Name    |   Type    | Width | Bus | MB | AR | AS | SR | SS | ST |
===============================================================================
|     o_data_reg      | Flip-flop |  16   |  Y  | N  | Y  | N  | N  | N  | N  |
===============================================================================

Statistics for case statements in always block at line 81 in file
	'sobol16.sv'
===============================================
|           Line           |  full/ parallel  |
===============================================
|            82            |    auto/auto     |
===============================================

Inferred memory devices in process
	in routine sobol16 line 20 in file
		'sobol16.sv'.
===============================================================================
|    Register Name    |   Type    | Width | Bus | MB | AR | AS | SR | SS | ST |
===============================================================================
|       cnt_reg       | Flip-flop |  16   |  Y  | N  | Y  | N  | N  | N  | N  |
===============================================================================

Inferred memory devices in process
	in routine sobol16 line 49 in file
		'sobol16.sv'.
===============================================================================
|    Register Name    |   Type    | Width | Bus | MB | AR | AS | SR | SS | ST |
===============================================================================
|    sobolSeq_reg     | Flip-flop |  16   |  Y  | N  | Y  | N  | N  | N  | N  |
===============================================================================
Warning:  acc.sv:18: signed to unsigned assignment occurs. (VER-318)

Inferred memory devices in process
	in routine acc line 21 in file
		'acc.sv'.
===============================================================================
|    Register Name    |   Type    | Width | Bus | MB | AR | AS | SR | SS | ST |
===============================================================================
|      sum_o_reg      | Flip-flop |  24   |  Y  | N  | Y  | N  | N  | N  | N  |
===============================================================================

Inferred memory devices in process
	in routine pe_border line 90 in file
		'/filespace/d/dwu94/Project/uSystolic-Sim/synthesis/32nm_rvt/16bit/ugemmrate/pe_border.sv'.
===============================================================================
|    Register Name    |   Type    | Width | Bus | MB | AR | AS | SR | SS | ST |
===============================================================================
|     en_i_d_reg      | Flip-flop |   1   |  N  | N  | N  | N  | N  | N  | N  |
|     en_w_d_reg      | Flip-flop |   1   |  N  | N  | N  | N  | N  | N  | N  |
|     en_o_d_reg      | Flip-flop |   1   |  N  | N  | N  | N  | N  | N  | N  |
|     clr_i_d_reg     | Flip-flop |   1   |  N  | N  | N  | N  | N  | N  | N  |
|     clr_w_d_reg     | Flip-flop |   1   |  N  | N  | N  | N  | N  | N  | N  |
|     clr_o_d_reg     | Flip-flop |   1   |  N  | N  | N  | N  | N  | N  | N  |
|   mac_done_d_reg    | Flip-flop |   1   |  N  | N  | N  | N  | N  | N  | N  |
===============================================================================
Presto compilation completed successfully.
Loaded 6 designs.
Current design is 'ireg_border'.
ireg_border wreg sobol16 mul_border acc pe_border
set current_design pe_border
pe_border
link

  Linking design 'pe_border'
  Using the following designs and libraries:
  --------------------------------------------------------------------------
  pe_border                   /filespace/d/dwu94/Project/uSystolic-Sim/synthesis/32nm_rvt/16bit/ugemmrate/pe_border.db
  saed32rvt_tt0p85v25c (library) /cae/apps/data/saed32_edk-2018/lib/stdcell_rvt/db_nldm/saed32rvt_tt0p85v25c.db
  saed32io_wb_tt1p05v25c_2p5v (library) /cae/apps/data/saed32_edk-2018/lib/io_std/db_nldm/saed32io_wb_tt1p05v25c_2p5v.db
  * (5 designs)               /filespace/d/dwu94/Project/uSystolic-Sim/synthesis/32nm_rvt/16bit/ugemmrate/ireg_border.db, etc

Information: Building the design 'ireg_border' instantiated from design 'pe_border' with
	the parameters "WIDTH=16". (HDL-193)

Inferred memory devices in process
	in routine ireg_border_WIDTH16 line 16 in file
		'ireg_border.sv'.
===============================================================================
|    Register Name    |   Type    | Width | Bus | MB | AR | AS | SR | SS | ST |
===============================================================================
|     o_data_reg      | Flip-flop |  16   |  Y  | N  | Y  | N  | N  | N  | N  |
===============================================================================
Presto compilation completed successfully. (ireg_border_WIDTH16)
Information: Building the design 'wreg' instantiated from design 'pe_border' with
	the parameters "WIDTH=16". (HDL-193)

Inferred memory devices in process
	in routine wreg_WIDTH16 line 16 in file
		'wreg.sv'.
===============================================================================
|    Register Name    |   Type    | Width | Bus | MB | AR | AS | SR | SS | ST |
===============================================================================
|     o_data_reg      | Flip-flop |  16   |  Y  | N  | Y  | N  | N  | N  | N  |
===============================================================================
Presto compilation completed successfully. (wreg_WIDTH16)
Information: Building the design 'mul_border' instantiated from design 'pe_border' with
	the parameters "WIDTH=16". (HDL-193)
Presto compilation completed successfully. (mul_border_WIDTH16)
Information: Building the design 'acc' instantiated from design 'pe_border' with
	the parameters "WIDTH=24". (HDL-193)
Warning:  acc.sv:18: signed to unsigned assignment occurs. (VER-318)

Inferred memory devices in process
	in routine acc_WIDTH24 line 21 in file
		'acc.sv'.
===============================================================================
|    Register Name    |   Type    | Width | Bus | MB | AR | AS | SR | SS | ST |
===============================================================================
|      sum_o_reg      | Flip-flop |  24   |  Y  | N  | Y  | N  | N  | N  | N  |
===============================================================================
Presto compilation completed successfully. (acc_WIDTH24)
Information: Building the design 'sobol8'. (HDL-193)
Warning: Cannot find the design 'sobol8' in the library 'WORK'. (LBR-1)
Warning: Unable to resolve reference 'sobol8' in 'mul_border_WIDTH16'. (LINK-5)
0
###########################################
# Define clock and set don't mess with it #
###########################################
# clk with frequency of 400 MHz
create_clock -name "clk" -period 2.5 -waveform { 0 1.25 } { clk }
Warning: Design 'pe_border' has '1' unresolved references. For more detailed information, use the "link" command. (UID-341)
1
set_dont_touch_network [find port clk]
Warning: Design 'pe_border' has '1' unresolved references. For more detailed information, use the "link" command. (UID-341)
1
# pointer to all inputs except clk
set prim_inputs [remove_from_collection [all_inputs] [find port clk]]
{rst_n mac_done en_i clr_i en_w clr_w en_o clr_o ifm[15] ifm[14] ifm[13] ifm[12] ifm[11] ifm[10] ifm[9] ifm[8] ifm[7] ifm[6] ifm[5] ifm[4] ifm[3] ifm[2] ifm[1] ifm[0] wght[15] wght[14] wght[13] wght[12] wght[11] wght[10] wght[9] wght[8] wght[7] wght[6] wght[5] wght[4] wght[3] wght[2] wght[1] wght[0] ofm[23] ofm[22] ofm[21] ofm[20] ofm[19] ofm[18] ofm[17] ofm[16] ofm[15] ofm[14] ofm[13] ofm[12] ofm[11] ofm[10] ofm[9] ofm[8] ofm[7] ofm[6] ofm[5] ofm[4] ofm[3] ofm[2] ofm[1] ofm[0]}
# pointer to all inputs except clk and rst_n
set prim_inputs_no_rst [remove_from_collection $prim_inputs [find port rst_n]]
{mac_done en_i clr_i en_w clr_w en_o clr_o ifm[15] ifm[14] ifm[13] ifm[12] ifm[11] ifm[10] ifm[9] ifm[8] ifm[7] ifm[6] ifm[5] ifm[4] ifm[3] ifm[2] ifm[1] ifm[0] wght[15] wght[14] wght[13] wght[12] wght[11] wght[10] wght[9] wght[8] wght[7] wght[6] wght[5] wght[4] wght[3] wght[2] wght[1] wght[0] ofm[23] ofm[22] ofm[21] ofm[20] ofm[19] ofm[18] ofm[17] ofm[16] ofm[15] ofm[14] ofm[13] ofm[12] ofm[11] ofm[10] ofm[9] ofm[8] ofm[7] ofm[6] ofm[5] ofm[4] ofm[3] ofm[2] ofm[1] ofm[0]}
# Set clk uncertainty (skew)
set_clock_uncertainty 0.15 clk
Warning: Design 'pe_border' has '1' unresolved references. For more detailed information, use the "link" command. (UID-341)
1
#########################################
# Set input delay & drive on all inputs #
#########################################
set_input_delay -clock clk 0.25 [copy_collection $prim_inputs]
Warning: Design 'pe_border' has '1' unresolved references. For more detailed information, use the "link" command. (UID-341)
1
#set_driving_cell -lib_cell ND2D2BWP -library tcbn40lpbwptc $prim_inputs_no_rst
# rst_n goes to many places so don't touch
set_dont_touch_network [find port rst_n]
Warning: Design 'pe_border' has '1' unresolved references. For more detailed information, use the "link" command. (UID-341)
1
##########################################
# Set output delay & load on all outputs #
##########################################
set_output_delay -clock clk 0.5 [all_outputs]
Warning: Design 'pe_border' has '1' unresolved references. For more detailed information, use the "link" command. (UID-341)
1
set_load 0.1 [all_outputs]
1
#############################################################
# Wire load model allows it to estimate internal parasitics #
#############################################################
# set_wire_load_model -name TSMC32K_Lowk_Conservative -library tcbn40lpbwptc
######################################################
# Max transition time is important for Hot-E reasons #
######################################################
set_max_transition 0.1 [current_design]
1
########################################
# Now actually synthesize for 1st time #
########################################
compile -map_effort medium
Warning: Design 'pe_border' has '1' unresolved references. For more detailed information, use the "link" command. (UID-341)
Warning: Setting attribute 'fix_multiple_port_nets' on design 'pe_border'. (UIO-59)
Information: Evaluating DesignWare library utilization. (UISN-27)

============================================================================
| DesignWare Building Block Library  |         Version         | Available |
============================================================================
| Basic DW Building Blocks           | Q-2019.12-DWBB_201912.3 |     *     |
| Licensed DW Building Blocks        |                         |           |
============================================================================


Information: There are 7 potential problems in your design. Please run 'check_design' for more information. (LINT-99)


Warning: Operating condition tt0p85v25c set on design pe_border has different process,
voltage and temperatures parameters than the parameters at which target library 
saed32io_wb_tt1p05v25c_2p5v is characterized. Delays may be inaccurate as a result. (OPT-998)

  Beginning Pass 1 Mapping
  ------------------------
  Processing 'acc_WIDTH24'
  Processing 'mul_border_WIDTH16'
  Processing 'wreg_WIDTH16'
  Processing 'ireg_border_WIDTH16'
  Processing 'pe_border'
Information: Building the design 'sobol8'. (HDL-193)
Warning: Cannot find the design 'sobol8' in the library 'WORK'. (LBR-1)
Warning: Unable to resolve reference 'sobol8' in 'mul_border_WIDTH16'. (LINK-5)
Warning: Design 'pe_border' has '1' unresolved references. For more detailed information, use the "link" command. (UID-341)

  Updating timing information
Information: Updating design information... (UID-85)

  Beginning Implementation Selection
  ----------------------------------
  Processing 'acc_WIDTH24_DW01_add_0'
  Processing 'mul_border_WIDTH16_DW01_cmp2_0'
  Processing 'mul_border_WIDTH16_DW01_cmp2_1'
  Processing 'mul_border_WIDTH16_DW01_cmp2_2'

  Beginning Mapping Optimizations  (Medium effort)
  -------------------------------
  Mapping Optimization (Phase 1)

                                  TOTAL                                      
   ELAPSED            WORST NEG   SETUP    DESIGN                            
    TIME      AREA      SLACK     COST    RULE COST         ENDPOINT         
  --------- --------- --------- --------- --------- -------------------------
    0:00:05    1378.5      0.12       0.4       0.0                          
    0:00:05    1378.5      0.12       0.4       0.0                          
    0:00:05    1378.5      0.12       0.4       0.0                          
    0:00:05    1378.5      0.12       0.4       0.0                          
    0:00:05    1378.5      0.12       0.4       0.0                          
    0:00:05    1278.1      0.13       0.4       0.0                          
    0:00:05    1284.7      0.13       0.5       0.0                          
    0:00:05    1297.2      0.12       0.4       0.0                          
    0:00:05    1299.7      0.12       0.4       0.0                          
    0:00:05    1302.2      0.11       0.3       0.0                          
    0:00:05    1302.2      0.11       0.3       0.0                          
    0:00:05    1309.6      0.11       0.3       0.0                          
    0:00:05    1316.2      0.09       0.3       0.0                          
    0:00:05    1316.7      0.08       0.2       0.0                          
    0:00:05    1320.8      0.07       0.2       0.0                          
    0:00:05    1318.5      0.06       0.1       0.0                          
    0:00:05    1321.5      0.06       0.1       0.0                          
    0:00:05    1321.3      0.05       0.1       0.0                          
    0:00:05    1321.3      0.05       0.1       0.0                          
    0:00:05    1321.3      0.05       0.1       0.0                          
    0:00:05    1321.3      0.05       0.1       0.0                          
    0:00:05    1321.3      0.05       0.1       0.0                          
    0:00:05    1321.3      0.05       0.1       0.0                          



  Beginning Delay Optimization Phase
  ----------------------------------

                                  TOTAL                                      
   ELAPSED            WORST NEG   SETUP    DESIGN                            
    TIME      AREA      SLACK     COST    RULE COST         ENDPOINT         
  --------- --------- --------- --------- --------- -------------------------
    0:00:05    1321.3      0.05       0.1       0.0                          
    0:00:05    1323.1      0.03       0.1       0.0 U_acc/sum_o_reg[15]/D    
    0:00:05    1324.9      0.01       0.0       0.0 U_acc/sum_o_reg[15]/D    
    0:00:05    1326.1      0.00       0.0       0.0 U_acc/sum_o_reg[15]/D    
    0:00:05    1325.9      0.00       0.0       0.0 U_acc/sum_o_reg[15]/D    
    0:00:06    1324.6      0.00       0.0       0.0 U_acc/sum_o_reg[15]/D    
    0:00:06    1324.6      0.00       0.0       0.0                          
    0:00:06    1323.3      0.00       0.0       0.0                          


  Beginning Area-Recovery Phase  (cleanup)
  -----------------------------

                                  TOTAL                                      
   ELAPSED            WORST NEG   SETUP    DESIGN                            
    TIME      AREA      SLACK     COST    RULE COST         ENDPOINT         
  --------- --------- --------- --------- --------- -------------------------
    0:00:06    1323.3      0.00       0.0       0.0                          
    0:00:06    1323.3      0.00       0.0       0.0                          
    0:00:06    1307.8      0.00       0.0       0.0                          
    0:00:06    1303.8      0.00       0.0       0.0                          
    0:00:06    1301.7      0.00       0.0       0.0                          
    0:00:06    1301.7      0.00       0.0       0.0                          
    0:00:06    1301.7      0.00       0.0       0.0                          
    0:00:06    1301.7      0.00       0.0       0.0                          
    0:00:06    1298.9      0.03       0.0       0.0                          
    0:00:06    1297.7      0.03       0.0       0.0                          
    0:00:06    1297.7      0.03       0.0       0.0                          
    0:00:06    1297.7      0.03       0.0       0.0                          
    0:00:06    1297.7      0.03       0.0       0.0                          
    0:00:06    1297.7      0.03       0.0       0.0                          
    0:00:06    1297.7      0.03       0.0       0.0                          
    0:00:06    1298.2      0.00       0.0       0.0 U_acc/sum_o_reg[23]/D    
    0:00:06    1300.7      0.00       0.0       0.0 U_acc/sum_o_reg[23]/D    
    0:00:06    1301.0      0.00       0.0       0.0 U_acc/sum_o_reg[15]/D    
    0:00:06    1301.0      0.00       0.0       0.0                          


Note: Symbol # after min delay cost means estimated hold TNS across all active scenarios 


  Optimization Complete
  ---------------------
1
check_design
Information: Building the design 'sobol8'. (HDL-193)
Warning: Cannot find the design 'sobol8' in the library 'WORK'. (LBR-1)
Warning: Unable to resolve reference 'sobol8' in 'mul_border_WIDTH16'. (LINK-5)
 
****************************************
check_design summary:
Version:     Q-2019.12-SP3
Date:        Sat Jun 12 04:19:20 2021
****************************************

                   Name                                            Total
--------------------------------------------------------------------------------
Inputs/Outputs                                                      4
    Multiply driven inputs (LINT-6)                                 2
    Unconnected ports (LINT-28)                                     2

Cells                                                               1
    Connected to power or ground (LINT-32)                          1

Nets                                                                1
    Multiply driven net with constant driver (LINT-54)              1

Tristate                                                            3
    A tristate bus has a non tri-state driver (LINT-34)             3
--------------------------------------------------------------------------------

Warning: In design 'mul_border_WIDTH16', input port 'clk' drives wired logic; the port direction may have been specified incorrectly. (LINT-6)
Warning: In design 'mul_border_WIDTH16', input port 'rst_n' drives wired logic; the port direction may have been specified incorrectly. (LINT-6)
Warning: In design 'acc_WIDTH24_DW01_add_2', port 'CI' is not connected to any nets. (LINT-28)
Warning: In design 'acc_WIDTH24_DW01_add_2', port 'CO' is not connected to any nets. (LINT-28)
Warning: In design 'acc_WIDTH24', a pin on submodule 'add_29' is connected to logic 1 or logic 0. (LINT-32)
   Pin 'CI' is connected to logic 0. 
Warning: In design 'pe_border', three-state bus 'ifm_dff_d' has non three-state driver 'U_mul_border/gt_33/ULTI2/Y'. (LINT-34)
Warning: In design 'pe_border', three-state bus 'U_mul_border/n107' has non three-state driver 'U_mul_border/U111/**logic_1**'. (LINT-34)
Warning: In design 'pe_border', three-state bus 'U_mul_border/bitI_inv' has non three-state driver 'U_mul_border/I_0/Y'. (LINT-34)
Warning: In design 'pe_border', multiply-driven net 'U_mul_border/n107' is driven by constant 1. (LINT-54)
1
# Unflatten design now that its compiled
ungroup -all -flatten
Warning: Design 'pe_border' has '1' unresolved references. For more detailed information, use the "link" command. (UID-341)
Information: Updating graph... (UID-83)
1
# force hold time to be met for all flops
set_fix_hold clk
Warning: Design 'pe_border' has '1' unresolved references. For more detailed information, use the "link" command. (UID-341)
1
# Compile again with higher effort
compile -map_effort high
Warning: Design 'pe_border' has '1' unresolved references. For more detailed information, use the "link" command. (UID-341)
Warning: "The variable 'compile_high_effort_area_in_incremental' is supported in DC NXT only. Ignoring this setting." (OPT-1726)

Information: There are 7 potential problems in your design. Please run 'check_design' for more information. (LINT-99)


Warning: Operating condition tt0p85v25c set on design pe_border has different process,
voltage and temperatures parameters than the parameters at which target library 
saed32io_wb_tt1p05v25c_2p5v is characterized. Delays may be inaccurate as a result. (OPT-998)

  Beginning Pass 1 Mapping
  ------------------------
  Processing 'pe_border'
Information: Building the design 'sobol8'. (HDL-193)
Warning: Cannot find the design 'sobol8' in the library 'WORK'. (LBR-1)
Warning: Unable to resolve reference 'sobol8' in 'pe_border'. (LINK-5)
Warning: Design 'pe_border' has '1' unresolved references. For more detailed information, use the "link" command. (UID-341)

  Updating timing information
Information: Updating design information... (UID-85)

  Beginning Mapping Optimizations  (High effort)
  -------------------------------
  Mapping Optimization (Phase 2)

                                  TOTAL                                                  
   ELAPSED            WORST NEG   SETUP    DESIGN                              MIN DELAY 
    TIME      AREA      SLACK     COST    RULE COST         ENDPOINT             COST    
  --------- --------- --------- --------- --------- ------------------------- -----------
    0:00:08    1532.5      0.30       2.5       0.0                                0.00  
    0:00:08    1527.7      0.31       2.5       0.0                                0.00  
    0:00:08    1527.7      0.31       2.5       0.0                                0.00  
    0:00:08    1526.9      0.30       2.5       0.0                                0.00  
    0:00:08    1526.9      0.30       2.5       0.0                                0.00  
    0:00:08    1368.8      0.31       1.7       0.0                                0.00  
    0:00:08    1373.9      0.28       1.3       0.0                                0.00  
    0:00:08    1379.2      0.25       1.2       0.0                                0.00  
    0:00:08    1393.0      0.16       0.5       0.0                                0.00  
    0:00:08    1402.6      0.08       0.3       0.0                                0.00  
    0:00:08    1401.4      0.07       0.2       0.0                                0.00  
    0:00:08    1401.4      0.07       0.2       0.0                                0.00  
    0:00:08    1401.4      0.07       0.2       0.0                                0.00  
    0:00:08    1401.4      0.07       0.2       0.0                                0.00  
    0:00:08    1401.4      0.07       0.2       0.0                                0.00  
    0:00:08    1403.9      0.07       0.2       0.0                                0.00  
    0:00:08    1403.9      0.07       0.2       0.0                                0.00  
    0:00:08    1403.9      0.07       0.2       0.0                                0.00  
    0:00:08    1403.9      0.07       0.2       0.0                                0.00  
    0:00:08    1403.9      0.07       0.2       0.0                                0.00  
    0:00:08    1403.9      0.07       0.2       0.0                                0.00  



  Beginning Delay Optimization Phase
  ----------------------------------

                                  TOTAL                                                  
   ELAPSED            WORST NEG   SETUP    DESIGN                              MIN DELAY 
    TIME      AREA      SLACK     COST    RULE COST         ENDPOINT             COST    
  --------- --------- --------- --------- --------- ------------------------- -----------
    0:00:08    1403.9      0.07       0.2       0.0                                0.00  
    0:00:08    1410.8      0.05       0.2       0.0 U_acc/sum_o_reg[23]/D          0.00  
    0:00:08    1421.9      0.00       0.0       0.0 U_acc/sum_o_reg[21]/D          0.00  
    0:00:09    1437.9      0.00       0.0       0.0 U_acc/sum_o_reg[23]/D          0.00  
    0:00:09    1437.9      0.00       0.0       0.0                                0.00  
    0:00:09    1392.5      0.00       0.0       0.0                                0.00  


  Beginning Design Rule Fixing  (max_transition)
  ----------------------------

                                  TOTAL                                                  
   ELAPSED            WORST NEG   SETUP    DESIGN                              MIN DELAY 
    TIME      AREA      SLACK     COST    RULE COST         ENDPOINT             COST    
  --------- --------- --------- --------- --------- ------------------------- -----------
    0:00:09    1392.5      0.00       0.0       0.0                                0.00  


  Beginning Area-Recovery Phase  (cleanup)
  -----------------------------

                                  TOTAL                                                  
   ELAPSED            WORST NEG   SETUP    DESIGN                              MIN DELAY 
    TIME      AREA      SLACK     COST    RULE COST         ENDPOINT             COST    
  --------- --------- --------- --------- --------- ------------------------- -----------
    0:00:09    1392.5      0.00       0.0       0.0                                0.00  
    0:00:09    1392.5      0.00       0.0       0.0                                0.00  
    0:00:09    1363.2      0.00       0.0       0.0                                0.00  
    0:00:09    1357.9      0.00       0.0       0.0                                0.00  
    0:00:09    1357.9      0.00       0.0       0.0                                0.00  
    0:00:09    1357.9      0.00       0.0       0.0                                0.00  
    0:00:09    1357.9      0.00       0.0       0.0                                0.00  
    0:00:09    1357.9      0.00       0.0       0.0                                0.00  
    0:00:09    1354.6      0.00       0.0       0.0                                0.00  
    0:00:09    1354.6      0.00       0.0       0.0                                0.00  
    0:00:09    1354.6      0.00       0.0       0.0                                0.00  
    0:00:09    1354.6      0.00       0.0       0.0                                0.00  
    0:00:09    1354.6      0.00       0.0       0.0                                0.00  
    0:00:09    1354.6      0.00       0.0       0.0                                0.00  
    0:00:09    1354.6      0.00       0.0       0.0                                0.00  


Note: Symbol # after min delay cost means estimated hold TNS across all active scenarios 


  Optimization Complete
  ---------------------
1
check_design
Warning: Design 'pe_border' has '1' unresolved references. For more detailed information, use the "link" command. (UID-341)
 
****************************************
check_design summary:
Version:     Q-2019.12-SP3
Date:        Sat Jun 12 04:19:23 2021
****************************************

                   Name                                            Total
--------------------------------------------------------------------------------
Inputs/Outputs                                                      2
    Multiply driven inputs (LINT-6)                                 2

Nets                                                                1
    Multiply driven net with constant driver (LINT-54)              1

Tristate                                                            3
    A tristate bus has a non tri-state driver (LINT-34)             3
--------------------------------------------------------------------------------

Warning: In design 'pe_border', input port 'clk' drives wired logic; the port direction may have been specified incorrectly. (LINT-6)
Warning: In design 'pe_border', input port 'rst_n' drives wired logic; the port direction may have been specified incorrectly. (LINT-6)
Warning: In design 'pe_border', three-state bus 'n676' has non three-state driver 'U_mul_border/U111/**logic_1**'. (LINT-34)
Warning: In design 'pe_border', three-state bus 'U_mul_border/bitI_inv' has non three-state driver 'U_mul_border/I_0/Y'. (LINT-34)
Warning: In design 'pe_border', three-state bus 'ifm_dff_d' has non three-state driver 'U_mul_border/gt_33/ULTI2/Y'. (LINT-34)
Warning: In design 'pe_border', multiply-driven net 'n676' is driven by constant 1. (LINT-54)
1
#############################################
# Take a look at area, max, and min timings #
#############################################
report_area > pe_border_area.txt
report_power > pe_border_power.txt
report_timing -delay min > pe_border_min_delay.txt
report_timing -delay max > pe_border_max_delay.txt
#### write out final netlist ######
write -format verilog pe_border -output pe_border.vg
Warning: Design 'pe_border' has '1' unresolved references. For more detailed information, use the "link" command. (UID-341)
Writing verilog file '/filespace/d/dwu94/Project/uSystolic-Sim/synthesis/32nm_rvt/16bit/ugemmrate/pe_border.vg'.
1
exit
Memory usage for this session 142 Mbytes.
Memory usage for this session including child processes 142 Mbytes.
CPU usage for this session 8 seconds ( 0.00 hours ).
Elapsed time for this session 11 seconds ( 0.00 hours ).

Thank you...
