
                           Design Compiler Graphical 
                                 DC Ultra (TM)
                                  DFTMAX (TM)
                              Power Compiler (TM)
                                 DesignWare (R)
                                 DC Expert (TM)
                               Design Vision (TM)
                               HDL Compiler (TM)
                               VHDL Compiler (TM)
                                  DFT Compiler
                               Design Compiler(R)

               Version Q-2019.12-SP3 for linux64 - Apr 21, 2020 

                    Copyright (c) 1988 - 2020 Synopsys, Inc.
   This software and the associated documentation are proprietary to Synopsys,
 Inc. This software may only be used in accordance with the terms and conditions
 of a written license agreement with Synopsys, Inc. All other use, reproduction,
            or distribution of this software is strictly prohibited.
Initializing...
# ECE552 Extra Credit
read_file -format sverilog {acc.sv}
Loading db file '/cae/apps/data/tsmclibs-2013/digital/Front_End/timing_power_noise/NLDM/tcbn40lpbwp_120b/tcbn40lpbwptc.db'
Loading db file '/cae/apps/data/tsmclibs-2013/digital/Front_End/timing_power_noise/NLDM/tpfn45gsgv18_120a/tpfn45gsgv18tc.db'
Loading db file '/cae/apps/data/synopsys-2020/syn/Q-2019.12-SP3/libraries/syn/gtech.db'
Loading db file '/cae/apps/data/synopsys-2020/syn/Q-2019.12-SP3/libraries/syn/standard.sldb'
  Loading link library 'tcbn40lpbwptc'
  Loading link library 'tpfn45gsgv18tc'
  Loading link library 'gtech'
Detecting input file type automatically (-rtl or -netlist).
Reading with Presto HDL Compiler (equivalent to -rtl option).
Running PRESTO HDLC
Compiling source file /filespace/d/dwu94/Project/uSystolic-Sim/synthesis/8bit/binaryserial/acc.sv

Inferred memory devices in process
	in routine acc line 15 in file
		'/filespace/d/dwu94/Project/uSystolic-Sim/synthesis/8bit/binaryserial/acc.sv'.
===============================================================================
|    Register Name    |   Type    | Width | Bus | MB | AR | AS | SR | SS | ST |
===============================================================================
|      sum_o_reg      | Flip-flop |  32   |  Y  | N  | Y  | N  | N  | N  | N  |
===============================================================================
Presto compilation completed successfully.
Loaded 1 design.
Current design is 'acc'.
acc
set current_design acc
acc
link

  Linking design 'acc'
  Using the following designs and libraries:
  --------------------------------------------------------------------------
  acc                         /filespace/d/dwu94/Project/uSystolic-Sim/synthesis/8bit/binaryserial/acc.db
  tcbn40lpbwptc (library)     /cae/apps/data/tsmclibs-2013/digital/Front_End/timing_power_noise/NLDM/tcbn40lpbwp_120b/tcbn40lpbwptc.db
  tpfn45gsgv18tc (library)    /cae/apps/data/tsmclibs-2013/digital/Front_End/timing_power_noise/NLDM/tpfn45gsgv18_120a/tpfn45gsgv18tc.db

1
###########################################
# Define clock and set don't mess with it #
###########################################
# clk with frequency of 400 MHz
create_clock -name "clk" -period 2.5 -waveform { 0 1.25 } { clk }
1
set_dont_touch_network [find port clk]
1
# pointer to all inputs except clk
set prim_inputs [remove_from_collection [all_inputs] [find port clk]]
{rst_n en clr acc prod[31] prod[30] prod[29] prod[28] prod[27] prod[26] prod[25] prod[24] prod[23] prod[22] prod[21] prod[20] prod[19] prod[18] prod[17] prod[16] prod[15] prod[14] prod[13] prod[12] prod[11] prod[10] prod[9] prod[8] prod[7] prod[6] prod[5] prod[4] prod[3] prod[2] prod[1] prod[0] sum_i[31] sum_i[30] sum_i[29] sum_i[28] sum_i[27] sum_i[26] sum_i[25] sum_i[24] sum_i[23] sum_i[22] sum_i[21] sum_i[20] sum_i[19] sum_i[18] sum_i[17] sum_i[16] sum_i[15] sum_i[14] sum_i[13] sum_i[12] sum_i[11] sum_i[10] sum_i[9] sum_i[8] sum_i[7] sum_i[6] sum_i[5] sum_i[4] sum_i[3] sum_i[2] sum_i[1] sum_i[0]}
# pointer to all inputs except clk and rst_n
set prim_inputs_no_rst [remove_from_collection $prim_inputs [find port rst_n]]
{en clr acc prod[31] prod[30] prod[29] prod[28] prod[27] prod[26] prod[25] prod[24] prod[23] prod[22] prod[21] prod[20] prod[19] prod[18] prod[17] prod[16] prod[15] prod[14] prod[13] prod[12] prod[11] prod[10] prod[9] prod[8] prod[7] prod[6] prod[5] prod[4] prod[3] prod[2] prod[1] prod[0] sum_i[31] sum_i[30] sum_i[29] sum_i[28] sum_i[27] sum_i[26] sum_i[25] sum_i[24] sum_i[23] sum_i[22] sum_i[21] sum_i[20] sum_i[19] sum_i[18] sum_i[17] sum_i[16] sum_i[15] sum_i[14] sum_i[13] sum_i[12] sum_i[11] sum_i[10] sum_i[9] sum_i[8] sum_i[7] sum_i[6] sum_i[5] sum_i[4] sum_i[3] sum_i[2] sum_i[1] sum_i[0]}
# Set clk uncertainty (skew)
set_clock_uncertainty 0.15 clk
1
#########################################
# Set input delay & drive on all inputs #
#########################################
set_input_delay -clock clk 0.25 [copy_collection $prim_inputs]
1
#set_driving_cell -lib_cell ND2D2BWP -library tcbn40lpbwptc $prim_inputs_no_rst
# rst_n goes to many places so don't touch
set_dont_touch_network [find port rst_n]
1
##########################################
# Set output delay & load on all outputs #
##########################################
set_output_delay -clock clk 0.5 [all_outputs]
1
set_load 0.1 [all_outputs]
1
#############################################################
# Wire load model allows it to estimate internal parasitics #
#############################################################
set_wire_load_model -name TSMC32K_Lowk_Conservative -library tcbn40lpbwptc
1
######################################################
# Max transition time is important for Hot-E reasons #
######################################################
set_max_transition 0.1 [current_design]
1
########################################
# Now actually synthesize for 1st time #
########################################
compile -map_effort medium
Warning: Setting attribute 'fix_multiple_port_nets' on design 'acc'. (UIO-59)
Information: Evaluating DesignWare library utilization. (UISN-27)

============================================================================
| DesignWare Building Block Library  |         Version         | Available |
============================================================================
| Basic DW Building Blocks           | Q-2019.12-DWBB_201912.3 |     *     |
| Licensed DW Building Blocks        |                         |           |
============================================================================


Information: There are 1 potential problems in your design. Please run 'check_design' for more information. (LINT-99)


Warning: IO pad 'PVSS3DGZ' is unusable: unknown logic function.  (OPT-1022)
Warning: IO pad 'PVSS2DGZ' is unusable: unknown logic function.  (OPT-1022)
Warning: IO pad 'PVSS2ANA' is unusable: unknown logic function.  (OPT-1022)
Warning: IO pad 'PVSS1DGZ' is unusable: unknown logic function.  (OPT-1022)
Warning: IO pad 'PVSS1ANA' is unusable: unknown logic function.  (OPT-1022)
Warning: IO pad 'PVDD2POC' is unusable: unknown logic function.  (OPT-1022)
Warning: IO pad 'PVDD2DGZ' is unusable: unknown logic function.  (OPT-1022)
Warning: IO pad 'PVDD2ANA' is unusable: unknown logic function.  (OPT-1022)
Warning: IO pad 'PVDD1DGZ' is unusable: unknown logic function.  (OPT-1022)
Warning: IO pad 'PVDD1ANA' is unusable: unknown logic function.  (OPT-1022)
Warning: IO pad 'PCLAMP2ANA' is unusable: unknown logic function.  (OPT-1022)
Warning: IO pad 'PCLAMP1ANA' is unusable: unknown logic function.  (OPT-1022)
Warning: Operating condition NCCOM set on design acc has different process,
voltage and temperatures parameters than the parameters at which target library 
tpfn45gsgv18tc is characterized. Delays may be inaccurate as a result. (OPT-998)

  Beginning Pass 1 Mapping
  ------------------------
  Processing 'acc'
Warning: The trip points for the library named tpfn45gsgv18tc differ from those in the library named tcbn40lpbwptc. (TIM-164)

  Updating timing information
Information: Updating design information... (UID-85)

  Beginning Implementation Selection
  ----------------------------------
  Processing 'acc_DW01_add_0'

  Beginning Mapping Optimizations  (Medium effort)
  -------------------------------
  Mapping Optimization (Phase 1)

                                  TOTAL                                      
   ELAPSED            WORST NEG   SETUP    DESIGN                            
    TIME      AREA      SLACK     COST    RULE COST         ENDPOINT         
  --------- --------- --------- --------- --------- -------------------------
    0:00:06     726.6      0.00       0.0      40.1                          
    0:00:06     726.6      0.00       0.0      40.1                          
    0:00:06     726.6      0.00       0.0      40.1                          
    0:00:06     726.6      0.00       0.0      40.1                          
    0:00:06     726.6      0.00       0.0      40.1                          
    0:00:07     493.7      0.16       0.3      39.9                          
    0:00:07     498.9      0.08       0.1      38.9                          
    0:00:07     503.1      0.05       0.1      37.6                          
    0:00:07     508.0      0.03       0.0      36.5                          
    0:00:07     510.7      0.02       0.0      35.3                          
    0:00:07     513.5      0.00       0.0      34.2                          
    0:00:07     516.3      0.01       0.0      32.9                          
    0:00:07     522.0      0.00       0.0      31.7                          
    0:00:07     522.0      0.00       0.0      31.7                          
    0:00:07     522.0      0.00       0.0      31.7                          
    0:00:07     522.0      0.00       0.0      31.7                          
    0:00:07     626.6      0.00       0.0       0.0                          
    0:00:07     626.6      0.00       0.0       0.0                          
    0:00:07     626.6      0.00       0.0       0.0                          
    0:00:07     626.6      0.00       0.0       0.0                          



  Beginning Delay Optimization Phase
  ----------------------------------

                                  TOTAL                                      
   ELAPSED            WORST NEG   SETUP    DESIGN                            
    TIME      AREA      SLACK     COST    RULE COST         ENDPOINT         
  --------- --------- --------- --------- --------- -------------------------
    0:00:07     626.6      0.00       0.0       0.0                          
    0:00:07     626.6      0.00       0.0       0.0                          
    0:00:07     620.9      0.00       0.0       0.7                          


  Beginning Design Rule Fixing  (max_transition)
  ----------------------------

                                  TOTAL                                      
   ELAPSED            WORST NEG   SETUP    DESIGN                            
    TIME      AREA      SLACK     COST    RULE COST         ENDPOINT         
  --------- --------- --------- --------- --------- -------------------------
    0:00:07     620.9      0.00       0.0       0.7                          
    0:00:07     643.2      0.00       0.0       0.0                          


  Beginning Area-Recovery Phase  (cleanup)
  -----------------------------

                                  TOTAL                                      
   ELAPSED            WORST NEG   SETUP    DESIGN                            
    TIME      AREA      SLACK     COST    RULE COST         ENDPOINT         
  --------- --------- --------- --------- --------- -------------------------
    0:00:07     643.2      0.00       0.0       0.0                          
    0:00:07     643.2      0.00       0.0       0.0                          
    0:00:07     640.5      0.00       0.0       0.0                          
    0:00:07     639.6      0.00       0.0       0.0                          
    0:00:07     639.6      0.00       0.0       0.0                          
    0:00:07     639.6      0.00       0.0       0.0                          
    0:00:07     639.6      0.00       0.0       0.0                          
    0:00:07     639.6      0.00       0.0       0.0                          
    0:00:07     634.3      0.00       0.0       0.0                          
    0:00:07     630.1      0.00       0.0       0.0                          
    0:00:07     629.4      0.00       0.0       0.0                          
    0:00:07     629.4      0.00       0.0       0.0                          
    0:00:07     629.4      0.00       0.0       0.0                          
    0:00:07     629.4      0.00       0.0       0.0                          
    0:00:07     629.4      0.00       0.0       0.0                          
    0:00:07     629.4      0.00       0.0       0.0                          
    0:00:07     629.4      0.00       0.0       0.0                          


Note: Symbol # after min delay cost means estimated hold TNS across all active scenarios 


  Optimization Complete
  ---------------------
1
check_design
 
****************************************
check_design summary:
Version:     Q-2019.12-SP3
Date:        Sun Jan 24 02:18:17 2021
****************************************

                   Name                                            Total
--------------------------------------------------------------------------------
Inputs/Outputs                                                      2
    Unconnected ports (LINT-28)                                     2
--------------------------------------------------------------------------------

Warning: In design 'acc_DW01_add_1', port 'CI' is not connected to any nets. (LINT-28)
Warning: In design 'acc_DW01_add_1', port 'CO' is not connected to any nets. (LINT-28)
1
# Unflatten design now that its compiled
ungroup -all -flatten
Information: Updating graph... (UID-83)
1
# force hold time to be met for all flops
set_fix_hold clk
1
# Compile again with higher effort
compile -map_effort high
Warning: "The variable 'compile_high_effort_area_in_incremental' is supported in DC NXT only. Ignoring this setting." (OPT-1726)

Information: There are 1 potential problems in your design. Please run 'check_design' for more information. (LINT-99)


Warning: Operating condition NCCOM set on design acc has different process,
voltage and temperatures parameters than the parameters at which target library 
tpfn45gsgv18tc is characterized. Delays may be inaccurate as a result. (OPT-998)

  Beginning Pass 1 Mapping
  ------------------------
  Processing 'acc'

  Updating timing information
Information: Updating design information... (UID-85)

  Beginning Mapping Optimizations  (High effort)
  -------------------------------

                                  TOTAL                                                  
   ELAPSED            WORST NEG   SETUP    DESIGN                              MIN DELAY 
    TIME      AREA      SLACK     COST    RULE COST         ENDPOINT             COST    
  --------- --------- --------- --------- --------- ------------------------- -----------
    0:00:10     970.0      0.00       0.0      18.7                                0.00  
    0:00:10     970.0      0.00       0.0      18.7                                0.00  
    0:00:10     970.0      0.00       0.0      18.7                                0.00  
    0:00:10     970.0      0.00       0.0      18.7                                0.00  
    0:00:10     970.0      0.00       0.0      18.7                                0.00  
    0:00:11     563.2      0.41       1.3      15.9                                0.00  
    0:00:11     567.8      0.22       0.6      15.9                                0.00  
    0:00:11     571.5      0.22       0.6      15.6                                0.00  
    0:00:11     570.8      0.20       0.5      15.6                                0.00  
    0:00:11     572.8      0.16       0.3      15.6                                0.00  
    0:00:11     576.8      0.13       0.2      15.6                                0.00  
    0:00:11     572.4      0.12       0.2      15.6                                0.00  
    0:00:11     575.4      0.12       0.2      15.6                                0.00  
    0:00:11     580.4      0.08       0.1      15.6                                0.00  
    0:00:11     581.9      0.05       0.1      15.6                                0.00  
    0:00:11     585.3      0.04       0.0      15.6                                0.00  
    0:00:11     590.6      0.03       0.0      15.6                                0.00  
    0:00:11     592.4      0.02       0.0      15.6                                0.00  
    0:00:11     596.6      0.00       0.0      15.6                                0.00  
    0:00:11     598.2      0.00       0.0      15.6                                0.00  
    0:00:11     599.6      0.00       0.0      15.6                                0.00  
    0:00:11     599.6      0.00       0.0      15.6                                0.00  
    0:00:11     599.6      0.00       0.0      15.6                                0.00  
    0:00:11     599.6      0.00       0.0      15.6                                0.00  
    0:00:11     700.1      0.00       0.0       0.1                                0.00  
    0:00:11     699.6      0.00       0.0       0.0                                0.00  
    0:00:11     697.5      0.00       0.0       0.0                                0.00  
    0:00:11     697.5      0.00       0.0       0.0                                0.00  
    0:00:11     697.5      0.00       0.0       0.0                                0.00  
    0:00:11     697.5      0.00       0.0       0.0                                0.00  



  Beginning Delay Optimization Phase
  ----------------------------------

                                  TOTAL                                                  
   ELAPSED            WORST NEG   SETUP    DESIGN                              MIN DELAY 
    TIME      AREA      SLACK     COST    RULE COST         ENDPOINT             COST    
  --------- --------- --------- --------- --------- ------------------------- -----------
    0:00:11     697.5      0.00       0.0       0.0                                0.00  
    0:00:11     697.5      0.00       0.0       0.0                                0.00  
    0:00:12     674.0      0.00       0.0       0.7                                0.00  


  Beginning Design Rule Fixing  (max_transition)
  ----------------------------

                                  TOTAL                                                  
   ELAPSED            WORST NEG   SETUP    DESIGN                              MIN DELAY 
    TIME      AREA      SLACK     COST    RULE COST         ENDPOINT             COST    
  --------- --------- --------- --------- --------- ------------------------- -----------
    0:00:12     674.0      0.00       0.0       0.7                                0.00  
    0:00:12     696.1      0.00       0.0       0.0                                0.00  


  Beginning Area-Recovery Phase  (cleanup)
  -----------------------------

                                  TOTAL                                                  
   ELAPSED            WORST NEG   SETUP    DESIGN                              MIN DELAY 
    TIME      AREA      SLACK     COST    RULE COST         ENDPOINT             COST    
  --------- --------- --------- --------- --------- ------------------------- -----------
    0:00:12     696.1      0.00       0.0       0.0                                0.00  
    0:00:12     696.1      0.00       0.0       0.0                                0.00  
    0:00:12     670.3      0.22       0.6       0.0                                0.00  
    0:00:12     668.9      0.21       0.5       0.0                                0.00  
    0:00:12     668.2      0.20       0.5       0.0                                0.00  
    0:00:12     667.5      0.18       0.5       0.0                                0.00  
    0:00:12     666.8      0.18       0.4       0.0                                0.00  
    0:00:12     666.8      0.18       0.4       0.0                                0.00  
    0:00:12     694.8      0.00       0.0       0.0                                0.00  
    0:00:12     667.5      0.00       0.0       0.0                                0.00  
    0:00:12     661.5      0.03       0.0       0.0                                0.00  
    0:00:12     661.5      0.03       0.0       0.0                                0.00  
    0:00:12     661.5      0.03       0.0       0.0                                0.00  
    0:00:12     661.5      0.03       0.0       0.0                                0.00  
    0:00:12     661.5      0.03       0.0       0.0                                0.00  
    0:00:12     661.5      0.03       0.0       0.0                                0.00  
    0:00:12     662.2      0.00       0.0       0.0                                0.00  


Note: Symbol # after min delay cost means estimated hold TNS across all active scenarios 


  Optimization Complete
  ---------------------
1
check_design
1
#############################################
# Take a look at area, max, and min timings #
#############################################
report_area > acc_area.txt
report_power > acc_power.txt
report_timing -delay min > acc_min_delay.txt
report_timing -delay max > acc_max_delay.txt
#### write out final netlist ######
write -format verilog acc -output acc.vg
Writing verilog file '/filespace/d/dwu94/Project/uSystolic-Sim/synthesis/8bit/binaryserial/acc.vg'.
1
exit
Memory usage for this session 407 Mbytes.
Memory usage for this session including child processes 407 Mbytes.
CPU usage for this session 13 seconds ( 0.00 hours ).
Elapsed time for this session 15 seconds ( 0.00 hours ).

Thank you...
