
                           Design Compiler Graphical 
                                 DC Ultra (TM)
                                  DFTMAX (TM)
                              Power Compiler (TM)
                                 DesignWare (R)
                                 DC Expert (TM)
                               Design Vision (TM)
                               HDL Compiler (TM)
                               VHDL Compiler (TM)
                                  DFT Compiler
                               Design Compiler(R)

               Version Q-2019.12-SP3 for linux64 - Apr 21, 2020 

                    Copyright (c) 1988 - 2020 Synopsys, Inc.
   This software and the associated documentation are proprietary to Synopsys,
 Inc. This software may only be used in accordance with the terms and conditions
 of a written license agreement with Synopsys, Inc. All other use, reproduction,
            or distribution of this software is strictly prohibited.
Initializing...
# ECE552 Extra Credit
read_file -format sverilog {acc.sv}
Loading db file '/cae/apps/data/saed32_edk-2018/lib/stdcell_rvt/db_nldm/saed32rvt_tt0p85v25c.db'
Loading db file '/cae/apps/data/saed32_edk-2018/lib/io_std/db_nldm/saed32io_wb_tt1p05v25c_2p5v.db'
Loading db file '/cae/apps/data/synopsys-2020/syn/Q-2019.12-SP3/libraries/syn/gtech.db'
Loading db file '/cae/apps/data/synopsys-2020/syn/Q-2019.12-SP3/libraries/syn/standard.sldb'
  Loading link library 'saed32rvt_tt0p85v25c'
  Loading link library 'saed32io_wb_tt1p05v25c_2p5v'
  Loading link library 'gtech'
Detecting input file type automatically (-rtl or -netlist).
Reading with Presto HDL Compiler (equivalent to -rtl option).
Running PRESTO HDLC
Compiling source file /filespace/d/dwu94/Project/uSystolic-Sim/synthesis/32nm_rvt/8bit/unaryrate/acc.sv

Inferred memory devices in process
	in routine acc line 26 in file
		'/filespace/d/dwu94/Project/uSystolic-Sim/synthesis/32nm_rvt/8bit/unaryrate/acc.sv'.
===============================================================================
|    Register Name    |   Type    | Width | Bus | MB | AR | AS | SR | SS | ST |
===============================================================================
|      sum_o_reg      | Flip-flop |  16   |  Y  | N  | Y  | N  | N  | N  | N  |
===============================================================================
Presto compilation completed successfully.
Loaded 1 design.
Current design is 'acc'.
acc
set current_design acc
acc
link

  Linking design 'acc'
  Using the following designs and libraries:
  --------------------------------------------------------------------------
  acc                         /filespace/d/dwu94/Project/uSystolic-Sim/synthesis/32nm_rvt/8bit/unaryrate/acc.db
  saed32rvt_tt0p85v25c (library) /cae/apps/data/saed32_edk-2018/lib/stdcell_rvt/db_nldm/saed32rvt_tt0p85v25c.db
  saed32io_wb_tt1p05v25c_2p5v (library) /cae/apps/data/saed32_edk-2018/lib/io_std/db_nldm/saed32io_wb_tt1p05v25c_2p5v.db

1
###########################################
# Define clock and set don't mess with it #
###########################################
# clk with frequency of 400 MHz
create_clock -name "clk" -period 2.5 -waveform { 0 1.25 } { clk }
1
set_dont_touch_network [find port clk]
1
# pointer to all inputs except clk
set prim_inputs [remove_from_collection [all_inputs] [find port clk]]
{rst_n en clr mac_done sign_i sign_w prod_bit sum_i[15] sum_i[14] sum_i[13] sum_i[12] sum_i[11] sum_i[10] sum_i[9] sum_i[8] sum_i[7] sum_i[6] sum_i[5] sum_i[4] sum_i[3] sum_i[2] sum_i[1] sum_i[0]}
# pointer to all inputs except clk and rst_n
set prim_inputs_no_rst [remove_from_collection $prim_inputs [find port rst_n]]
{en clr mac_done sign_i sign_w prod_bit sum_i[15] sum_i[14] sum_i[13] sum_i[12] sum_i[11] sum_i[10] sum_i[9] sum_i[8] sum_i[7] sum_i[6] sum_i[5] sum_i[4] sum_i[3] sum_i[2] sum_i[1] sum_i[0]}
# Set clk uncertainty (skew)
set_clock_uncertainty 0.15 clk
1
#########################################
# Set input delay & drive on all inputs #
#########################################
set_input_delay -clock clk 0.25 [copy_collection $prim_inputs]
1
#set_driving_cell -lib_cell ND2D2BWP -library tcbn40lpbwptc $prim_inputs_no_rst
# rst_n goes to many places so don't touch
set_dont_touch_network [find port rst_n]
1
##########################################
# Set output delay & load on all outputs #
##########################################
set_output_delay -clock clk 0.5 [all_outputs]
1
set_load 0.1 [all_outputs]
1
#############################################################
# Wire load model allows it to estimate internal parasitics #
#############################################################
# set_wire_load_model -name TSMC32K_Lowk_Conservative -library tcbn40lpbwptc
######################################################
# Max transition time is important for Hot-E reasons #
######################################################
set_max_transition 0.1 [current_design]
1
########################################
# Now actually synthesize for 1st time #
########################################
compile -map_effort medium
Warning: Setting attribute 'fix_multiple_port_nets' on design 'acc'. (UIO-59)
Information: Evaluating DesignWare library utilization. (UISN-27)

============================================================================
| DesignWare Building Block Library  |         Version         | Available |
============================================================================
| Basic DW Building Blocks           | Q-2019.12-DWBB_201912.3 |     *     |
| Licensed DW Building Blocks        |                         |           |
============================================================================


Information: There are 1 potential problems in your design. Please run 'check_design' for more information. (LINT-99)


Warning: Operating condition tt0p85v25c set on design acc has different process,
voltage and temperatures parameters than the parameters at which target library 
saed32io_wb_tt1p05v25c_2p5v is characterized. Delays may be inaccurate as a result. (OPT-998)

  Beginning Pass 1 Mapping
  ------------------------
  Processing 'acc'

  Updating timing information
Information: Updating design information... (UID-85)

  Beginning Implementation Selection
  ----------------------------------
  Processing 'acc_DW01_add_0'

  Beginning Mapping Optimizations  (Medium effort)
  -------------------------------

                                  TOTAL                                      
   ELAPSED            WORST NEG   SETUP    DESIGN                            
    TIME      AREA      SLACK     COST    RULE COST         ENDPOINT         
  --------- --------- --------- --------- --------- -------------------------
    0:00:03     307.8      0.03       0.0       0.0                          
    0:00:03     307.8      0.03       0.0       0.0                          
    0:00:03     307.8      0.03       0.0       0.0                          
    0:00:03     307.8      0.03       0.0       0.0                          
    0:00:03     307.8      0.03       0.0       0.0                          
    0:00:03     299.9      0.03       0.0       0.0                          
    0:00:03     299.9      0.03       0.0       0.0                          
    0:00:03     299.9      0.03       0.0       0.0                          
    0:00:03     299.9      0.03       0.0       0.0                          
    0:00:03     299.9      0.03       0.0       0.0                          
    0:00:03     299.9      0.03       0.0       0.0                          
    0:00:03     299.9      0.03       0.0       0.0                          
    0:00:03     299.9      0.03       0.0       0.0                          
    0:00:04     309.3      0.02       0.0       0.0                          



  Beginning Delay Optimization Phase
  ----------------------------------

                                  TOTAL                                      
   ELAPSED            WORST NEG   SETUP    DESIGN                            
    TIME      AREA      SLACK     COST    RULE COST         ENDPOINT         
  --------- --------- --------- --------- --------- -------------------------
    0:00:04     309.3      0.02       0.0       0.0                          
    0:00:04     336.5      0.01       0.0       0.0 sum_o_reg[15]/D          
    0:00:04     326.1      0.01       0.0       0.0 sum_o_reg[15]/D          
    0:00:04     324.0      0.00       0.0       0.0 sum_o_reg[15]/D          
    0:00:04     324.0      0.00       0.0       0.0                          
    0:00:04     324.0      0.00       0.0       0.0                          


  Beginning Area-Recovery Phase  (cleanup)
  -----------------------------

                                  TOTAL                                      
   ELAPSED            WORST NEG   SETUP    DESIGN                            
    TIME      AREA      SLACK     COST    RULE COST         ENDPOINT         
  --------- --------- --------- --------- --------- -------------------------
    0:00:04     324.0      0.00       0.0       0.0                          
    0:00:04     324.0      0.00       0.0       0.0                          
    0:00:04     315.9      0.00       0.0       0.0                          
    0:00:04     315.9      0.00       0.0       0.0                          
    0:00:04     315.9      0.00       0.0       0.0                          
    0:00:04     315.9      0.00       0.0       0.0                          
    0:00:04     315.9      0.00       0.0       0.0                          
    0:00:04     305.0      0.00       0.0       0.0                          
    0:00:04     305.0      0.00       0.0       0.0                          
    0:00:04     305.0      0.00       0.0       0.0                          
    0:00:04     305.0      0.00       0.0       0.0                          
    0:00:04     305.0      0.00       0.0       0.0                          
    0:00:04     305.0      0.00       0.0       0.0                          
    0:00:04     305.0      0.00       0.0       0.0                          


Note: Symbol # after min delay cost means estimated hold TNS across all active scenarios 


  Optimization Complete
  ---------------------
1
check_design
 
****************************************
check_design summary:
Version:     Q-2019.12-SP3
Date:        Tue Mar 23 16:29:01 2021
****************************************

                   Name                                            Total
--------------------------------------------------------------------------------
Inputs/Outputs                                                      2
    Unconnected ports (LINT-28)                                     2

Cells                                                               1
    Connected to power or ground (LINT-32)                          1
--------------------------------------------------------------------------------

Warning: In design 'acc_DW01_add_0', port 'CI' is not connected to any nets. (LINT-28)
Warning: In design 'acc_DW01_add_0', port 'CO' is not connected to any nets. (LINT-28)
Warning: In design 'acc', a pin on submodule 'add_34' is connected to logic 1 or logic 0. (LINT-32)
   Pin 'CI' is connected to logic 0. 
1
# Unflatten design now that its compiled
ungroup -all -flatten
Information: Updating graph... (UID-83)
1
# force hold time to be met for all flops
set_fix_hold clk
1
# Compile again with higher effort
compile -map_effort high
Warning: "The variable 'compile_high_effort_area_in_incremental' is supported in DC NXT only. Ignoring this setting." (OPT-1726)

Information: There are 1 potential problems in your design. Please run 'check_design' for more information. (LINT-99)


Warning: Operating condition tt0p85v25c set on design acc has different process,
voltage and temperatures parameters than the parameters at which target library 
saed32io_wb_tt1p05v25c_2p5v is characterized. Delays may be inaccurate as a result. (OPT-998)

  Beginning Pass 1 Mapping
  ------------------------
  Processing 'acc'

  Updating timing information
Information: Updating design information... (UID-85)

  Beginning Mapping Optimizations  (High effort)
  -------------------------------

                                  TOTAL                                                  
   ELAPSED            WORST NEG   SETUP    DESIGN                              MIN DELAY 
    TIME      AREA      SLACK     COST    RULE COST         ENDPOINT             COST    
  --------- --------- --------- --------- --------- ------------------------- -----------
    0:00:05     342.1      0.06       0.1       0.0                                0.00  
    0:00:05     342.1      0.06       0.1       0.0                                0.00  
    0:00:05     342.1      0.06       0.1       0.0                                0.00  
    0:00:05     342.1      0.06       0.1       0.0                                0.00  
    0:00:05     342.1      0.06       0.1       0.0                                0.00  
    0:00:05     309.5      0.06       0.1       0.0                                0.00  
    0:00:05     329.4      0.07       0.1       0.0                                0.00  
    0:00:05     333.7      0.05       0.1       0.0                                0.00  
    0:00:05     331.4      0.06       0.1       0.0                                0.00  
    0:00:05     332.7      0.06       0.1       0.0                                0.00  
    0:00:05     339.3      0.05       0.1       0.0                                0.00  
    0:00:05     341.8      0.05       0.1       0.0                                0.00  
    0:00:05     344.4      0.03       0.0       0.0                                0.00  
    0:00:05     344.4      0.04       0.0       0.0                                0.00  
    0:00:05     344.4      0.04       0.0       0.0                                0.00  
    0:00:05     346.7      0.03       0.0       0.0                                0.00  
    0:00:05     346.7      0.03       0.0       0.0                                0.00  
    0:00:05     348.4      0.02       0.0       0.0                                0.00  
    0:00:05     348.4      0.02       0.0       0.0                                0.00  
    0:00:05     348.4      0.02       0.0       0.0                                0.00  
    0:00:05     348.4      0.02       0.0       0.0                                0.00  
    0:00:05     348.4      0.02       0.0       0.0                                0.00  
    0:00:05     348.4      0.02       0.0       0.0                                0.00  
    0:00:05     348.4      0.02       0.0       0.0                                0.00  



  Beginning Delay Optimization Phase
  ----------------------------------

                                  TOTAL                                                  
   ELAPSED            WORST NEG   SETUP    DESIGN                              MIN DELAY 
    TIME      AREA      SLACK     COST    RULE COST         ENDPOINT             COST    
  --------- --------- --------- --------- --------- ------------------------- -----------
    0:00:05     348.4      0.02       0.0       0.0                                0.00  
    0:00:05     360.6      0.02       0.0       0.0 sum_o_reg[15]/D                0.00  
    0:00:06     362.2      0.01       0.0       0.0                                0.00  
    0:00:08     360.1      0.00       0.0       0.0                                0.00  
    0:00:08     360.1      0.00       0.0       0.0                                0.00  
    0:00:08     360.1      0.00       0.0       0.0                                0.00  


  Beginning Area-Recovery Phase  (cleanup)
  -----------------------------

                                  TOTAL                                                  
   ELAPSED            WORST NEG   SETUP    DESIGN                              MIN DELAY 
    TIME      AREA      SLACK     COST    RULE COST         ENDPOINT             COST    
  --------- --------- --------- --------- --------- ------------------------- -----------
    0:00:08     360.1      0.00       0.0       0.0                                0.00  
    0:00:08     360.1      0.00       0.0       0.0                                0.00  
    0:00:08     343.1      0.00       0.0       0.0                                0.00  
    0:00:08     343.1      0.00       0.0       0.0                                0.00  
    0:00:08     343.1      0.00       0.0       0.0                                0.00  
    0:00:08     343.1      0.00       0.0       0.0                                0.00  
    0:00:08     343.1      0.00       0.0       0.0                                0.00  
    0:00:08     341.8      0.00       0.0       0.0                                0.00  
    0:00:08     341.8      0.00       0.0       0.0                                0.00  
    0:00:08     341.8      0.00       0.0       0.0                                0.00  
    0:00:08     341.8      0.00       0.0       0.0                                0.00  
    0:00:08     341.8      0.00       0.0       0.0                                0.00  
    0:00:08     341.8      0.00       0.0       0.0                                0.00  
    0:00:08     341.3      0.00       0.0       0.0 sum_o_reg[15]/D                0.00  


Note: Symbol # after min delay cost means estimated hold TNS across all active scenarios 


  Optimization Complete
  ---------------------
1
check_design
1
#############################################
# Take a look at area, max, and min timings #
#############################################
report_area > acc_area.txt
report_power > acc_power.txt
report_timing -delay min > acc_min_delay.txt
report_timing -delay max > acc_max_delay.txt
#### write out final netlist ######
write -format verilog acc -output acc.vg
Writing verilog file '/filespace/d/dwu94/Project/uSystolic-Sim/synthesis/32nm_rvt/8bit/unaryrate/acc.vg'.
1
exit
Memory usage for this session 142 Mbytes.
Memory usage for this session including child processes 142 Mbytes.
CPU usage for this session 8 seconds ( 0.00 hours ).
Elapsed time for this session 10 seconds ( 0.00 hours ).

Thank you...
