
                           Design Compiler Graphical 
                                 DC Ultra (TM)
                                  DFTMAX (TM)
                              Power Compiler (TM)
                                 DesignWare (R)
                                 DC Expert (TM)
                               Design Vision (TM)
                               HDL Compiler (TM)
                               VHDL Compiler (TM)
                                  DFT Compiler
                               Design Compiler(R)

               Version Q-2019.12-SP3 for linux64 - Apr 21, 2020 

                    Copyright (c) 1988 - 2020 Synopsys, Inc.
   This software and the associated documentation are proprietary to Synopsys,
 Inc. This software may only be used in accordance with the terms and conditions
 of a written license agreement with Synopsys, Inc. All other use, reproduction,
            or distribution of this software is strictly prohibited.
Initializing...
# ECE552 Extra Credit
read_file -format sverilog {pe_border.sv}
Loading db file '/cae/apps/data/saed32_edk-2018/lib/stdcell_rvt/db_nldm/saed32rvt_tt0p85v25c.db'
Loading db file '/cae/apps/data/saed32_edk-2018/lib/io_std/db_nldm/saed32io_wb_tt1p05v25c_2p5v.db'
Loading db file '/cae/apps/data/synopsys-2020/syn/Q-2019.12-SP3/libraries/syn/gtech.db'
Loading db file '/cae/apps/data/synopsys-2020/syn/Q-2019.12-SP3/libraries/syn/standard.sldb'
  Loading link library 'saed32rvt_tt0p85v25c'
  Loading link library 'saed32io_wb_tt1p05v25c_2p5v'
  Loading link library 'gtech'
Detecting input file type automatically (-rtl or -netlist).
Reading with Presto HDL Compiler (equivalent to -rtl option).
Running PRESTO HDLC
Compiling source file /filespace/d/dwu94/Project/uSystolic-Sim/synthesis/32nm_rvt/8bit/unarytemporal/pe_border.sv
Opening include file ireg_border.sv
Opening include file wreg.sv
Opening include file mul_border.sv
Opening include file sobol8.sv
Opening include file acc.sv
Warning:  ireg_border.sv:38: signed to unsigned part selection occurs. (VER-318)

Inferred memory devices in process
	in routine ireg_border line 20 in file
		'ireg_border.sv'.
===============================================================================
|    Register Name    |   Type    | Width | Bus | MB | AR | AS | SR | SS | ST |
===============================================================================
|     o_data_reg      | Flip-flop |   8   |  Y  | N  | Y  | N  | N  | N  | N  |
===============================================================================

Inferred memory devices in process
	in routine wreg line 18 in file
		'wreg.sv'.
===============================================================================
|    Register Name    |   Type    | Width | Bus | MB | AR | AS | SR | SS | ST |
===============================================================================
|   o_data_abs_reg    | Flip-flop |   7   |  Y  | N  | Y  | N  | N  | N  | N  |
|   o_data_sign_reg   | Flip-flop |   1   |  N  | N  | Y  | N  | N  | N  | N  |
===============================================================================

Statistics for case statements in always block at line 73 in file
	'sobol8.sv'
===============================================
|           Line           |  full/ parallel  |
===============================================
|            74            |    auto/auto     |
===============================================

Inferred memory devices in process
	in routine sobol8 line 20 in file
		'sobol8.sv'.
===============================================================================
|    Register Name    |   Type    | Width | Bus | MB | AR | AS | SR | SS | ST |
===============================================================================
|       cnt_reg       | Flip-flop |   8   |  Y  | N  | Y  | N  | N  | N  | N  |
===============================================================================

Inferred memory devices in process
	in routine sobol8 line 49 in file
		'sobol8.sv'.
===============================================================================
|    Register Name    |   Type    | Width | Bus | MB | AR | AS | SR | SS | ST |
===============================================================================
|    sobolSeq_reg     | Flip-flop |   8   |  Y  | N  | Y  | N  | N  | N  | N  |
===============================================================================
Statistics for MUX_OPs
======================================================
| block name/line  | Inputs | Outputs | # sel inputs |
======================================================
|    sobol8/54     |   8    |    8    |      3       |
======================================================

Inferred memory devices in process
	in routine mul_border line 25 in file
		'mul_border.sv'.
===============================================================================
|    Register Name    |   Type    | Width | Bus | MB | AR | AS | SR | SS | ST |
===============================================================================
|       cnt_reg       | Flip-flop |   7   |  Y  | N  | Y  | N  | N  | N  | N  |
===============================================================================

Inferred memory devices in process
	in routine acc line 26 in file
		'acc.sv'.
===============================================================================
|    Register Name    |   Type    | Width | Bus | MB | AR | AS | SR | SS | ST |
===============================================================================
|      sum_o_reg      | Flip-flop |  16   |  Y  | N  | Y  | N  | N  | N  | N  |
===============================================================================

Inferred memory devices in process
	in routine pe_border line 98 in file
		'/filespace/d/dwu94/Project/uSystolic-Sim/synthesis/32nm_rvt/8bit/unarytemporal/pe_border.sv'.
===============================================================================
|    Register Name    |   Type    | Width | Bus | MB | AR | AS | SR | SS | ST |
===============================================================================
|     en_i_d_reg      | Flip-flop |   1   |  N  | N  | N  | N  | N  | N  | N  |
|     en_w_d_reg      | Flip-flop |   1   |  N  | N  | N  | N  | N  | N  | N  |
|     en_o_d_reg      | Flip-flop |   1   |  N  | N  | N  | N  | N  | N  | N  |
|     clr_i_d_reg     | Flip-flop |   1   |  N  | N  | N  | N  | N  | N  | N  |
|     clr_w_d_reg     | Flip-flop |   1   |  N  | N  | N  | N  | N  | N  | N  |
|     clr_o_d_reg     | Flip-flop |   1   |  N  | N  | N  | N  | N  | N  | N  |
|   mac_done_d_reg    | Flip-flop |   1   |  N  | N  | N  | N  | N  | N  | N  |
===============================================================================
Presto compilation completed successfully.
Loaded 6 designs.
Current design is 'ireg_border'.
ireg_border wreg sobol8 mul_border acc pe_border
set current_design pe_border
pe_border
link

  Linking design 'pe_border'
  Using the following designs and libraries:
  --------------------------------------------------------------------------
  pe_border                   /filespace/d/dwu94/Project/uSystolic-Sim/synthesis/32nm_rvt/8bit/unarytemporal/pe_border.db
  saed32rvt_tt0p85v25c (library) /cae/apps/data/saed32_edk-2018/lib/stdcell_rvt/db_nldm/saed32rvt_tt0p85v25c.db
  saed32io_wb_tt1p05v25c_2p5v (library) /cae/apps/data/saed32_edk-2018/lib/io_std/db_nldm/saed32io_wb_tt1p05v25c_2p5v.db
  * (5 designs)               /filespace/d/dwu94/Project/uSystolic-Sim/synthesis/32nm_rvt/8bit/unarytemporal/ireg_border.db, etc

Information: Building the design 'ireg_border' instantiated from design 'pe_border' with
	the parameters "WIDTH=8". (HDL-193)
Warning:  ireg_border.sv:38: signed to unsigned part selection occurs. (VER-318)

Inferred memory devices in process
	in routine ireg_border_WIDTH8 line 20 in file
		'ireg_border.sv'.
===============================================================================
|    Register Name    |   Type    | Width | Bus | MB | AR | AS | SR | SS | ST |
===============================================================================
|     o_data_reg      | Flip-flop |   8   |  Y  | N  | Y  | N  | N  | N  | N  |
===============================================================================
Presto compilation completed successfully. (ireg_border_WIDTH8)
Information: Building the design 'wreg' instantiated from design 'pe_border' with
	the parameters "WIDTH=8". (HDL-193)

Inferred memory devices in process
	in routine wreg_WIDTH8 line 18 in file
		'wreg.sv'.
===============================================================================
|    Register Name    |   Type    | Width | Bus | MB | AR | AS | SR | SS | ST |
===============================================================================
|   o_data_abs_reg    | Flip-flop |   7   |  Y  | N  | Y  | N  | N  | N  | N  |
|   o_data_sign_reg   | Flip-flop |   1   |  N  | N  | Y  | N  | N  | N  | N  |
===============================================================================
Presto compilation completed successfully. (wreg_WIDTH8)
Information: Building the design 'mul_border' instantiated from design 'pe_border' with
	the parameters "WIDTH=8". (HDL-193)

Inferred memory devices in process
	in routine mul_border_WIDTH8 line 25 in file
		'mul_border.sv'.
===============================================================================
|    Register Name    |   Type    | Width | Bus | MB | AR | AS | SR | SS | ST |
===============================================================================
|       cnt_reg       | Flip-flop |   7   |  Y  | N  | Y  | N  | N  | N  | N  |
===============================================================================
Presto compilation completed successfully. (mul_border_WIDTH8)
Information: Building the design 'acc' instantiated from design 'pe_border' with
	the parameters "WIDTH=16". (HDL-193)

Inferred memory devices in process
	in routine acc_WIDTH16 line 26 in file
		'acc.sv'.
===============================================================================
|    Register Name    |   Type    | Width | Bus | MB | AR | AS | SR | SS | ST |
===============================================================================
|      sum_o_reg      | Flip-flop |  16   |  Y  | N  | Y  | N  | N  | N  | N  |
===============================================================================
Presto compilation completed successfully. (acc_WIDTH16)
1
###########################################
# Define clock and set don't mess with it #
###########################################
# clk with frequency of 400 MHz
create_clock -name "clk" -period 2.5 -waveform { 0 1.25 } { clk }
1
set_dont_touch_network [find port clk]
1
# pointer to all inputs except clk
set prim_inputs [remove_from_collection [all_inputs] [find port clk]]
{rst_n mac_done en_i clr_i en_w clr_w en_o clr_o ifm[7] ifm[6] ifm[5] ifm[4] ifm[3] ifm[2] ifm[1] ifm[0] wght_sign wght_abs[6] wght_abs[5] wght_abs[4] wght_abs[3] wght_abs[2] wght_abs[1] wght_abs[0] ofm[15] ofm[14] ofm[13] ofm[12] ofm[11] ofm[10] ofm[9] ofm[8] ofm[7] ofm[6] ofm[5] ofm[4] ofm[3] ofm[2] ofm[1] ofm[0]}
# pointer to all inputs except clk and rst_n
set prim_inputs_no_rst [remove_from_collection $prim_inputs [find port rst_n]]
{mac_done en_i clr_i en_w clr_w en_o clr_o ifm[7] ifm[6] ifm[5] ifm[4] ifm[3] ifm[2] ifm[1] ifm[0] wght_sign wght_abs[6] wght_abs[5] wght_abs[4] wght_abs[3] wght_abs[2] wght_abs[1] wght_abs[0] ofm[15] ofm[14] ofm[13] ofm[12] ofm[11] ofm[10] ofm[9] ofm[8] ofm[7] ofm[6] ofm[5] ofm[4] ofm[3] ofm[2] ofm[1] ofm[0]}
# Set clk uncertainty (skew)
set_clock_uncertainty 0.15 clk
1
#########################################
# Set input delay & drive on all inputs #
#########################################
set_input_delay -clock clk 0.25 [copy_collection $prim_inputs]
1
#set_driving_cell -lib_cell ND2D2BWP -library tcbn40lpbwptc $prim_inputs_no_rst
# rst_n goes to many places so don't touch
set_dont_touch_network [find port rst_n]
1
##########################################
# Set output delay & load on all outputs #
##########################################
set_output_delay -clock clk 0.5 [all_outputs]
1
set_load 0.1 [all_outputs]
1
#############################################################
# Wire load model allows it to estimate internal parasitics #
#############################################################
# set_wire_load_model -name TSMC32K_Lowk_Conservative -library tcbn40lpbwptc
######################################################
# Max transition time is important for Hot-E reasons #
######################################################
set_max_transition 0.1 [current_design]
1
########################################
# Now actually synthesize for 1st time #
########################################
compile -map_effort medium
Warning: Setting attribute 'fix_multiple_port_nets' on design 'pe_border'. (UIO-59)
Information: Evaluating DesignWare library utilization. (UISN-27)

============================================================================
| DesignWare Building Block Library  |         Version         | Available |
============================================================================
| Basic DW Building Blocks           | Q-2019.12-DWBB_201912.3 |     *     |
| Licensed DW Building Blocks        |                         |           |
============================================================================


Information: There are 4 potential problems in your design. Please run 'check_design' for more information. (LINT-99)


Warning: Operating condition tt0p85v25c set on design pe_border has different process,
voltage and temperatures parameters than the parameters at which target library 
saed32io_wb_tt1p05v25c_2p5v is characterized. Delays may be inaccurate as a result. (OPT-998)

  Beginning Pass 1 Mapping
  ------------------------
  Processing 'acc_WIDTH16'
  Processing 'sobol8'
  Processing 'mul_border_WIDTH8'
  Processing 'wreg_WIDTH8'
  Processing 'ireg_border_WIDTH8'
  Processing 'pe_border'

  Updating timing information
Information: Updating design information... (UID-85)

  Beginning Implementation Selection
  ----------------------------------
  Processing 'acc_WIDTH16_DW01_add_0'
  Processing 'mul_border_WIDTH8_DW01_cmp2_0'
  Processing 'mul_border_WIDTH8_DW01_dec_0'
  Processing 'sobol8_DW01_add_0_DW01_add_1'
  Processing 'ireg_border_WIDTH8_DW01_sub_0'

  Beginning Mapping Optimizations  (Medium effort)
  -------------------------------
  Mapping Optimization (Phase 1)

                                  TOTAL                                      
   ELAPSED            WORST NEG   SETUP    DESIGN                            
    TIME      AREA      SLACK     COST    RULE COST         ENDPOINT         
  --------- --------- --------- --------- --------- -------------------------
    0:00:05    1204.4      0.05       0.1       1.4                          
    0:00:05    1204.4      0.05       0.1       1.4                          
    0:00:05    1204.4      0.05       0.1       1.4                          
    0:00:05    1204.4      0.05       0.1       1.4                          
    0:00:05    1204.4      0.05       0.1       1.4                          
    0:00:05    1136.5      0.07       0.1       0.6                          
    0:00:05    1156.9      0.00       0.0       0.6                          
    0:00:05    1141.6      0.00       0.0       0.6                          
    0:00:05    1141.6      0.00       0.0       0.6                          
    0:00:05    1141.6      0.00       0.0       0.6                          
    0:00:05    1141.6      0.00       0.0       0.6                          
    0:00:05    1141.6      0.00       0.0       0.6                          
    0:00:05    1143.1      0.00       0.0       0.0                          
    0:00:05    1143.1      0.00       0.0       0.0                          
    0:00:05    1143.1      0.00       0.0       0.0                          
    0:00:05    1143.1      0.00       0.0       0.0                          



  Beginning Delay Optimization Phase
  ----------------------------------

                                  TOTAL                                      
   ELAPSED            WORST NEG   SETUP    DESIGN                            
    TIME      AREA      SLACK     COST    RULE COST         ENDPOINT         
  --------- --------- --------- --------- --------- -------------------------
    0:00:05    1143.1      0.00       0.0       0.0                          
    0:00:05    1143.1      0.00       0.0       0.0                          
    0:00:05    1143.1      0.00       0.0       0.0                          


  Beginning Area-Recovery Phase  (cleanup)
  -----------------------------

                                  TOTAL                                      
   ELAPSED            WORST NEG   SETUP    DESIGN                            
    TIME      AREA      SLACK     COST    RULE COST         ENDPOINT         
  --------- --------- --------- --------- --------- -------------------------
    0:00:05    1143.1      0.00       0.0       0.0                          
    0:00:05    1143.1      0.00       0.0       0.0                          
    0:00:05    1118.5      0.02       0.0       0.0                          
    0:00:05    1109.6      0.02       0.0       0.0                          
    0:00:05    1107.1      0.02       0.0       0.0                          
    0:00:05    1105.8      0.02       0.0       0.0                          
    0:00:05    1105.8      0.02       0.0       0.0                          
    0:00:05    1105.8      0.02       0.0       0.0                          
    0:00:05    1124.3      0.01       0.0       0.0                          
    0:00:05    1123.8      0.00       0.0       0.0                          
    0:00:05    1123.8      0.00       0.0       0.0                          
    0:00:05    1106.5      0.00       0.0       0.0                          
    0:00:05    1106.3      0.00       0.0       0.0                          
    0:00:05    1106.3      0.00       0.0       0.0                          
    0:00:05    1106.3      0.00       0.0       0.0                          
    0:00:05    1106.3      0.00       0.0       0.0                          
    0:00:05    1106.3      0.00       0.0       0.0                          
    0:00:05    1106.3      0.00       0.0       0.0                          
    0:00:05    1106.3      0.00       0.0       0.0                          


Note: Symbol # after min delay cost means estimated hold TNS across all active scenarios 


  Optimization Complete
  ---------------------
1
check_design
 
****************************************
check_design summary:
Version:     Q-2019.12-SP3
Date:        Tue Mar 23 17:56:43 2021
****************************************

                   Name                                            Total
--------------------------------------------------------------------------------
Inputs/Outputs                                                      2
    Unconnected ports (LINT-28)                                     2

Cells                                                               1
    Connected to power or ground (LINT-32)                          1
--------------------------------------------------------------------------------

Warning: In design 'acc_WIDTH16_DW01_add_1', port 'CI' is not connected to any nets. (LINT-28)
Warning: In design 'acc_WIDTH16_DW01_add_1', port 'CO' is not connected to any nets. (LINT-28)
Warning: In design 'acc_WIDTH16', a pin on submodule 'add_34' is connected to logic 1 or logic 0. (LINT-32)
   Pin 'CI' is connected to logic 0. 
1
# Unflatten design now that its compiled
ungroup -all -flatten
Information: Updating graph... (UID-83)
1
# force hold time to be met for all flops
set_fix_hold clk
1
# Compile again with higher effort
compile -map_effort high
Warning: "The variable 'compile_high_effort_area_in_incremental' is supported in DC NXT only. Ignoring this setting." (OPT-1726)

Information: There are 1 potential problems in your design. Please run 'check_design' for more information. (LINT-99)


Warning: Operating condition tt0p85v25c set on design pe_border has different process,
voltage and temperatures parameters than the parameters at which target library 
saed32io_wb_tt1p05v25c_2p5v is characterized. Delays may be inaccurate as a result. (OPT-998)

  Beginning Pass 1 Mapping
  ------------------------
  Processing 'pe_border'
Information: The register 'U_mul_border/U_sobol_W/sobolSeq_reg[0]' will be removed. (OPT-1207)

  Updating timing information
Information: Updating design information... (UID-85)

  Beginning Mapping Optimizations  (High effort)
  -------------------------------

                                  TOTAL                                                  
   ELAPSED            WORST NEG   SETUP    DESIGN                              MIN DELAY 
    TIME      AREA      SLACK     COST    RULE COST         ENDPOINT             COST    
  --------- --------- --------- --------- --------- ------------------------- -----------
    0:00:07    1199.1      0.01       0.0       0.0                                0.00  
    0:00:07    1197.8      0.01       0.0       0.0                                0.00  
    0:00:07    1197.8      0.01       0.0       0.0                                0.00  
    0:00:07    1194.7      0.01       0.0       0.0                                0.00  
    0:00:07    1194.7      0.01       0.0       0.0                                0.00  
    0:00:07    1107.3      0.07       0.1       0.0                                0.00  
    0:00:07    1111.1      0.06       0.1       0.0                                0.00  
    0:00:07    1116.5      0.02       0.0       0.0                                0.00  
    0:00:07    1119.0      0.01       0.0       0.0                                0.00  
    0:00:07    1119.0      0.01       0.0       0.0                                0.00  
    0:00:07    1119.0      0.01       0.0       0.0                                0.00  
    0:00:07    1119.0      0.01       0.0       0.0                                0.00  
    0:00:07    1119.0      0.01       0.0       0.0                                0.00  
    0:00:07    1119.0      0.01       0.0       0.0                                0.00  
    0:00:07    1119.0      0.01       0.0       0.0                                0.00  
    0:00:07    1118.7      0.01       0.0       0.0 U_acc/sum_o_reg[15]/D          0.00  
    0:00:07    1130.9      0.01       0.0       0.0 U_acc/sum_o_reg[15]/D          0.00  



  Beginning Delay Optimization Phase
  ----------------------------------

                                  TOTAL                                                  
   ELAPSED            WORST NEG   SETUP    DESIGN                              MIN DELAY 
    TIME      AREA      SLACK     COST    RULE COST         ENDPOINT             COST    
  --------- --------- --------- --------- --------- ------------------------- -----------
    0:00:08    1130.9      0.01       0.0       0.0                                0.00  
    0:00:08    1157.1      0.00       0.0       0.0                                0.00  
    0:00:08    1157.1      0.00       0.0       0.0                                0.00  
    0:00:08    1137.8      0.00       0.0       0.0                                0.00  


  Beginning Area-Recovery Phase  (cleanup)
  -----------------------------

                                  TOTAL                                                  
   ELAPSED            WORST NEG   SETUP    DESIGN                              MIN DELAY 
    TIME      AREA      SLACK     COST    RULE COST         ENDPOINT             COST    
  --------- --------- --------- --------- --------- ------------------------- -----------
    0:00:08    1137.8      0.00       0.0       0.0                                0.00  
    0:00:08    1137.8      0.00       0.0       0.0                                0.00  
    0:00:08    1085.2      0.00       0.0       0.0                                0.00  
    0:00:08    1082.1      0.00       0.0       0.0                                0.00  
    0:00:08    1081.4      0.00       0.0       0.0                                0.00  
    0:00:08    1081.4      0.00       0.0       0.0                                0.00  
    0:00:08    1081.4      0.00       0.0       0.0                                0.00  
    0:00:08    1081.1      0.00       0.0       0.0                                0.00  
    0:00:08    1080.9      0.00       0.0       0.0                                0.00  
    0:00:08    1080.9      0.00       0.0       0.0                                0.00  
    0:00:08    1080.9      0.00       0.0       0.0                                0.00  
    0:00:08    1080.9      0.00       0.0       0.0                                0.00  
    0:00:08    1080.9      0.00       0.0       0.0                                0.00  
    0:00:08    1080.9      0.00       0.0       0.0                                0.00  
    0:00:08    1080.9      0.00       0.0       0.0                                0.00  


Note: Symbol # after min delay cost means estimated hold TNS across all active scenarios 


  Optimization Complete
  ---------------------
1
check_design
1
#############################################
# Take a look at area, max, and min timings #
#############################################
report_area > pe_border_area.txt
report_power > pe_border_power.txt
report_timing -delay min > pe_border_min_delay.txt
report_timing -delay max > pe_border_max_delay.txt
#### write out final netlist ######
write -format verilog pe_border -output pe_border.vg
Writing verilog file '/filespace/d/dwu94/Project/uSystolic-Sim/synthesis/32nm_rvt/8bit/unarytemporal/pe_border.vg'.
1
exit
Memory usage for this session 142 Mbytes.
Memory usage for this session including child processes 142 Mbytes.
CPU usage for this session 7 seconds ( 0.00 hours ).
Elapsed time for this session 10 seconds ( 0.00 hours ).

Thank you...
