
                           Design Compiler Graphical 
                                 DC Ultra (TM)
                                  DFTMAX (TM)
                              Power Compiler (TM)
                                 DesignWare (R)
                                 DC Expert (TM)
                               Design Vision (TM)
                               HDL Compiler (TM)
                               VHDL Compiler (TM)
                                  DFT Compiler
                               Design Compiler(R)

               Version Q-2019.12-SP3 for linux64 - Apr 21, 2020 

                    Copyright (c) 1988 - 2020 Synopsys, Inc.
   This software and the associated documentation are proprietary to Synopsys,
 Inc. This software may only be used in accordance with the terms and conditions
 of a written license agreement with Synopsys, Inc. All other use, reproduction,
            or distribution of this software is strictly prohibited.
Initializing...
# ECE552 Extra Credit
read_file -format sverilog {acc.sv}
Loading db file '/cae/apps/data/tsmclibs-2013/digital/Front_End/timing_power_noise/NLDM/tcbn40lpbwp_120b/tcbn40lpbwptc.db'
Loading db file '/cae/apps/data/tsmclibs-2013/digital/Front_End/timing_power_noise/NLDM/tpfn45gsgv18_120a/tpfn45gsgv18tc.db'
Loading db file '/cae/apps/data/synopsys-2020/syn/Q-2019.12-SP3/libraries/syn/gtech.db'
Loading db file '/cae/apps/data/synopsys-2020/syn/Q-2019.12-SP3/libraries/syn/standard.sldb'
  Loading link library 'tcbn40lpbwptc'
  Loading link library 'tpfn45gsgv18tc'
  Loading link library 'gtech'
Detecting input file type automatically (-rtl or -netlist).
Reading with Presto HDL Compiler (equivalent to -rtl option).
Running PRESTO HDLC
Compiling source file /filespace/d/dwu94/Project/uSystolic-Sim/synthesis/8bit/unaryrate/acc.sv

Inferred memory devices in process
	in routine acc line 23 in file
		'/filespace/d/dwu94/Project/uSystolic-Sim/synthesis/8bit/unaryrate/acc.sv'.
===============================================================================
|    Register Name    |   Type    | Width | Bus | MB | AR | AS | SR | SS | ST |
===============================================================================
|      sum_o_reg      | Flip-flop |  32   |  Y  | N  | Y  | N  | N  | N  | N  |
===============================================================================
Presto compilation completed successfully.
Loaded 1 design.
Current design is 'acc'.
acc
set current_design acc
acc
link

  Linking design 'acc'
  Using the following designs and libraries:
  --------------------------------------------------------------------------
  acc                         /filespace/d/dwu94/Project/uSystolic-Sim/synthesis/8bit/unaryrate/acc.db
  tcbn40lpbwptc (library)     /cae/apps/data/tsmclibs-2013/digital/Front_End/timing_power_noise/NLDM/tcbn40lpbwp_120b/tcbn40lpbwptc.db
  tpfn45gsgv18tc (library)    /cae/apps/data/tsmclibs-2013/digital/Front_End/timing_power_noise/NLDM/tpfn45gsgv18_120a/tpfn45gsgv18tc.db

1
###########################################
# Define clock and set don't mess with it #
###########################################
# clk with frequency of 400 MHz
create_clock -name "clk" -period 2.5 -waveform { 0 1.25 } { clk }
1
set_dont_touch_network [find port clk]
1
# pointer to all inputs except clk
set prim_inputs [remove_from_collection [all_inputs] [find port clk]]
{rst_n en clr acc sign_i sign_w prod_bit sum_i[31] sum_i[30] sum_i[29] sum_i[28] sum_i[27] sum_i[26] sum_i[25] sum_i[24] sum_i[23] sum_i[22] sum_i[21] sum_i[20] sum_i[19] sum_i[18] sum_i[17] sum_i[16] sum_i[15] sum_i[14] sum_i[13] sum_i[12] sum_i[11] sum_i[10] sum_i[9] sum_i[8] sum_i[7] sum_i[6] sum_i[5] sum_i[4] sum_i[3] sum_i[2] sum_i[1] sum_i[0]}
# pointer to all inputs except clk and rst_n
set prim_inputs_no_rst [remove_from_collection $prim_inputs [find port rst_n]]
{en clr acc sign_i sign_w prod_bit sum_i[31] sum_i[30] sum_i[29] sum_i[28] sum_i[27] sum_i[26] sum_i[25] sum_i[24] sum_i[23] sum_i[22] sum_i[21] sum_i[20] sum_i[19] sum_i[18] sum_i[17] sum_i[16] sum_i[15] sum_i[14] sum_i[13] sum_i[12] sum_i[11] sum_i[10] sum_i[9] sum_i[8] sum_i[7] sum_i[6] sum_i[5] sum_i[4] sum_i[3] sum_i[2] sum_i[1] sum_i[0]}
# Set clk uncertainty (skew)
set_clock_uncertainty 0.15 clk
1
#########################################
# Set input delay & drive on all inputs #
#########################################
set_input_delay -clock clk 0.25 [copy_collection $prim_inputs]
1
#set_driving_cell -lib_cell ND2D2BWP -library tcbn40lpbwptc $prim_inputs_no_rst
# rst_n goes to many places so don't touch
set_dont_touch_network [find port rst_n]
1
##########################################
# Set output delay & load on all outputs #
##########################################
set_output_delay -clock clk 0.5 [all_outputs]
1
set_load 0.1 [all_outputs]
1
#############################################################
# Wire load model allows it to estimate internal parasitics #
#############################################################
set_wire_load_model -name TSMC32K_Lowk_Conservative -library tcbn40lpbwptc
1
######################################################
# Max transition time is important for Hot-E reasons #
######################################################
set_max_transition 0.1 [current_design]
1
########################################
# Now actually synthesize for 1st time #
########################################
compile -map_effort medium
Warning: Setting attribute 'fix_multiple_port_nets' on design 'acc'. (UIO-59)
Information: Evaluating DesignWare library utilization. (UISN-27)

============================================================================
| DesignWare Building Block Library  |         Version         | Available |
============================================================================
| Basic DW Building Blocks           | Q-2019.12-DWBB_201912.3 |     *     |
| Licensed DW Building Blocks        |                         |           |
============================================================================


Information: There are 1 potential problems in your design. Please run 'check_design' for more information. (LINT-99)


Warning: IO pad 'PVSS3DGZ' is unusable: unknown logic function.  (OPT-1022)
Warning: IO pad 'PVSS2DGZ' is unusable: unknown logic function.  (OPT-1022)
Warning: IO pad 'PVSS2ANA' is unusable: unknown logic function.  (OPT-1022)
Warning: IO pad 'PVSS1DGZ' is unusable: unknown logic function.  (OPT-1022)
Warning: IO pad 'PVSS1ANA' is unusable: unknown logic function.  (OPT-1022)
Warning: IO pad 'PVDD2POC' is unusable: unknown logic function.  (OPT-1022)
Warning: IO pad 'PVDD2DGZ' is unusable: unknown logic function.  (OPT-1022)
Warning: IO pad 'PVDD2ANA' is unusable: unknown logic function.  (OPT-1022)
Warning: IO pad 'PVDD1DGZ' is unusable: unknown logic function.  (OPT-1022)
Warning: IO pad 'PVDD1ANA' is unusable: unknown logic function.  (OPT-1022)
Warning: IO pad 'PCLAMP2ANA' is unusable: unknown logic function.  (OPT-1022)
Warning: IO pad 'PCLAMP1ANA' is unusable: unknown logic function.  (OPT-1022)
Warning: Operating condition NCCOM set on design acc has different process,
voltage and temperatures parameters than the parameters at which target library 
tpfn45gsgv18tc is characterized. Delays may be inaccurate as a result. (OPT-998)

  Beginning Pass 1 Mapping
  ------------------------
  Processing 'acc'
Warning: The trip points for the library named tpfn45gsgv18tc differ from those in the library named tcbn40lpbwptc. (TIM-164)

  Updating timing information
Information: Updating design information... (UID-85)

  Beginning Implementation Selection
  ----------------------------------
  Processing 'acc_DW01_add_0'

  Beginning Mapping Optimizations  (Medium effort)
  -------------------------------
  Mapping Optimization (Phase 1)

                                  TOTAL                                      
   ELAPSED            WORST NEG   SETUP    DESIGN                            
    TIME      AREA      SLACK     COST    RULE COST         ENDPOINT         
  --------- --------- --------- --------- --------- -------------------------
    0:00:06     746.3      0.00       0.0      40.8                          
    0:00:06     746.3      0.00       0.0      40.8                          
    0:00:06     746.3      0.00       0.0      40.8                          
    0:00:07     746.3      0.00       0.0      40.8                          
    0:00:07     746.3      0.00       0.0      40.8                          
    0:00:07     493.0      0.15       0.4      40.7                          
    0:00:07     493.6      0.01       0.0      38.9                          
    0:00:07     498.7      0.00       0.0      36.9                          
    0:00:07     496.9      0.00       0.0      36.9                          
    0:00:07     496.9      0.00       0.0      36.9                          
    0:00:07     496.9      0.00       0.0      36.9                          
    0:00:07     496.9      0.00       0.0      36.9                          
    0:00:07     496.9      0.00       0.0      36.9                          
    0:00:07     614.4      0.00       0.0       0.0                          
    0:00:07     614.4      0.00       0.0       0.0                          
    0:00:07     614.4      0.00       0.0       0.0                          
    0:00:07     614.4      0.00       0.0       0.0                          



  Beginning Delay Optimization Phase
  ----------------------------------

                                  TOTAL                                      
   ELAPSED            WORST NEG   SETUP    DESIGN                            
    TIME      AREA      SLACK     COST    RULE COST         ENDPOINT         
  --------- --------- --------- --------- --------- -------------------------
    0:00:07     614.4      0.00       0.0       0.0                          
    0:00:07     614.4      0.00       0.0       0.0                          
    0:00:07     608.8      0.00       0.0       0.7                          


  Beginning Design Rule Fixing  (max_transition)
  ----------------------------

                                  TOTAL                                      
   ELAPSED            WORST NEG   SETUP    DESIGN                            
    TIME      AREA      SLACK     COST    RULE COST         ENDPOINT         
  --------- --------- --------- --------- --------- -------------------------
    0:00:07     608.8      0.00       0.0       0.7                          
    0:00:07     631.3      0.00       0.0       0.0                          


  Beginning Area-Recovery Phase  (cleanup)
  -----------------------------

                                  TOTAL                                      
   ELAPSED            WORST NEG   SETUP    DESIGN                            
    TIME      AREA      SLACK     COST    RULE COST         ENDPOINT         
  --------- --------- --------- --------- --------- -------------------------
    0:00:07     631.3      0.00       0.0       0.0                          
    0:00:07     631.3      0.00       0.0       0.0                          
    0:00:07     621.1      0.00       0.0       0.0                          
    0:00:07     619.5      0.00       0.0       0.0                          
    0:00:07     619.5      0.00       0.0       0.0                          
    0:00:07     619.5      0.00       0.0       0.0                          
    0:00:07     619.5      0.00       0.0       0.0                          
    0:00:07     619.5      0.00       0.0       0.0                          
    0:00:07     615.3      0.00       0.0       0.0                          
    0:00:07     615.3      0.00       0.0       0.0                          
    0:00:07     615.3      0.00       0.0       0.0                          
    0:00:07     615.3      0.00       0.0       0.0                          
    0:00:07     615.3      0.00       0.0       0.0                          
    0:00:07     615.3      0.00       0.0       0.0                          
    0:00:07     615.3      0.00       0.0       0.0                          


Note: Symbol # after min delay cost means estimated hold TNS across all active scenarios 


  Optimization Complete
  ---------------------
1
check_design
 
****************************************
check_design summary:
Version:     Q-2019.12-SP3
Date:        Sun Jan 24 02:27:34 2021
****************************************

                   Name                                            Total
--------------------------------------------------------------------------------
Inputs/Outputs                                                     16
    Unloaded inputs (LINT-8)                                       14
    Unconnected ports (LINT-28)                                     2

Cells                                                               1
    Nets connected to multiple pins on same cell (LINT-33)          1

Nets                                                               14
    Unloaded nets (LINT-2)                                         14
--------------------------------------------------------------------------------

Warning: In design 'acc', net 'add_31/B[2]' driven by pin 'add_31/B[2]' has no loads. (LINT-2)
Warning: In design 'acc', net 'add_31/B[3]' driven by pin 'add_31/B[3]' has no loads. (LINT-2)
Warning: In design 'acc', net 'add_31/B[4]' driven by pin 'add_31/B[4]' has no loads. (LINT-2)
Warning: In design 'acc', net 'add_31/B[5]' driven by pin 'add_31/B[5]' has no loads. (LINT-2)
Warning: In design 'acc', net 'add_31/B[6]' driven by pin 'add_31/B[6]' has no loads. (LINT-2)
Warning: In design 'acc', net 'add_31/B[7]' driven by pin 'add_31/B[7]' has no loads. (LINT-2)
Warning: In design 'acc', net 'add_31/B[8]' driven by pin 'add_31/B[8]' has no loads. (LINT-2)
Warning: In design 'acc', net 'add_31/B[10]' driven by pin 'add_31/B[10]' has no loads. (LINT-2)
Warning: In design 'acc', net 'add_31/B[11]' driven by pin 'add_31/B[11]' has no loads. (LINT-2)
Warning: In design 'acc', net 'add_31/B[12]' driven by pin 'add_31/B[12]' has no loads. (LINT-2)
Warning: In design 'acc', net 'add_31/B[13]' driven by pin 'add_31/B[13]' has no loads. (LINT-2)
Warning: In design 'acc', net 'add_31/B[14]' driven by pin 'add_31/B[14]' has no loads. (LINT-2)
Warning: In design 'acc', net 'add_31/B[15]' driven by pin 'add_31/B[15]' has no loads. (LINT-2)
Warning: In design 'acc', net 'add_31/B[1]' driven by pin 'add_31/B[1]' has no loads. (LINT-2)
Warning: In design 'acc_DW01_add_1', input port 'B[15]' is unloaded. (LINT-8)
Warning: In design 'acc_DW01_add_1', input port 'B[14]' is unloaded. (LINT-8)
Warning: In design 'acc_DW01_add_1', input port 'B[13]' is unloaded. (LINT-8)
Warning: In design 'acc_DW01_add_1', input port 'B[12]' is unloaded. (LINT-8)
Warning: In design 'acc_DW01_add_1', input port 'B[11]' is unloaded. (LINT-8)
Warning: In design 'acc_DW01_add_1', input port 'B[10]' is unloaded. (LINT-8)
Warning: In design 'acc_DW01_add_1', input port 'B[8]' is unloaded. (LINT-8)
Warning: In design 'acc_DW01_add_1', input port 'B[7]' is unloaded. (LINT-8)
Warning: In design 'acc_DW01_add_1', input port 'B[6]' is unloaded. (LINT-8)
Warning: In design 'acc_DW01_add_1', input port 'B[5]' is unloaded. (LINT-8)
Warning: In design 'acc_DW01_add_1', input port 'B[4]' is unloaded. (LINT-8)
Warning: In design 'acc_DW01_add_1', input port 'B[3]' is unloaded. (LINT-8)
Warning: In design 'acc_DW01_add_1', input port 'B[2]' is unloaded. (LINT-8)
Warning: In design 'acc_DW01_add_1', input port 'B[1]' is unloaded. (LINT-8)
Warning: In design 'acc_DW01_add_1', port 'CI' is not connected to any nets. (LINT-28)
Warning: In design 'acc_DW01_add_1', port 'CO' is not connected to any nets. (LINT-28)
Warning: In design 'acc', the same net is connected to more than one pin on submodule 'add_31'. (LINT-33)
   Net 'n113' is connected to pins 'B[31]', 'B[30]'', 'B[29]', 'B[28]', 'B[27]', 'B[26]', 'B[25]', 'B[24]', 'B[23]', 'B[22]', 'B[21]', 'B[20]', 'B[19]', 'B[18]', 'B[17]', 'B[16]', 'B[15]', 'B[14]', 'B[13]', 'B[12]', 'B[11]', 'B[10]', 'B[9]', 'B[8]', 'B[7]', 'B[6]', 'B[5]', 'B[4]', 'B[3]', 'B[2]', 'B[1]'.
1
# Unflatten design now that its compiled
ungroup -all -flatten
Information: Updating graph... (UID-83)
1
# force hold time to be met for all flops
set_fix_hold clk
1
# Compile again with higher effort
compile -map_effort high
Warning: "The variable 'compile_high_effort_area_in_incremental' is supported in DC NXT only. Ignoring this setting." (OPT-1726)

Information: There are 1 potential problems in your design. Please run 'check_design' for more information. (LINT-99)


Warning: Operating condition NCCOM set on design acc has different process,
voltage and temperatures parameters than the parameters at which target library 
tpfn45gsgv18tc is characterized. Delays may be inaccurate as a result. (OPT-998)

  Beginning Pass 1 Mapping
  ------------------------
  Processing 'acc'

  Updating timing information
Information: Updating design information... (UID-85)

  Beginning Mapping Optimizations  (High effort)
  -------------------------------

                                  TOTAL                                                  
   ELAPSED            WORST NEG   SETUP    DESIGN                              MIN DELAY 
    TIME      AREA      SLACK     COST    RULE COST         ENDPOINT             COST    
  --------- --------- --------- --------- --------- ------------------------- -----------
    0:00:10     942.7      0.00       0.0      18.5                                0.00  
    0:00:10     942.7      0.00       0.0      18.5                                0.00  
    0:00:10     942.7      0.00       0.0      18.5                                0.00  
    0:00:10     942.7      0.00       0.0      18.5                                0.00  
    0:00:10     942.7      0.00       0.0      18.5                                0.00  
    0:00:11     584.2      0.25       0.6      16.4                                0.00  
    0:00:11     584.6      0.18       0.3      16.4                                0.00  
    0:00:11     586.0      0.16       0.3      16.4                                0.00  
    0:00:11     585.6      0.15       0.3      16.4                                0.00  
    0:00:11     586.4      0.13       0.3      16.4                                0.00  
    0:00:11     587.1      0.09       0.2      16.4                                0.00  
    0:00:11     592.4      0.07       0.1      15.8                                0.00  
    0:00:11     595.4      0.06       0.1      15.5                                0.00  
    0:00:11     597.8      0.04       0.1      15.0                                0.00  
    0:00:11     598.9      0.04       0.1      15.0                                0.00  
    0:00:11     601.0      0.02       0.0      15.0                                0.00  
    0:00:11     603.8      0.02       0.0      15.0                                0.00  
    0:00:11     604.9      0.02       0.0      15.0                                0.00  
    0:00:11     611.9      0.00       0.0      15.0                                0.00  
    0:00:11     611.9      0.00       0.0      15.0                                0.00  
    0:00:11     611.9      0.00       0.0      15.0                                0.00  
    0:00:11     611.9      0.00       0.0      15.0                                0.00  
    0:00:11     701.9      0.00       0.0       0.1                                0.00  
    0:00:11     702.4      0.00       0.0       0.0                                0.00  
    0:00:11     703.3      0.00       0.0       0.0                                0.00  
    0:00:11     703.3      0.00       0.0       0.0                                0.00  
    0:00:11     703.3      0.00       0.0       0.0                                0.00  
    0:00:11     703.3      0.00       0.0       0.0                                0.00  



  Beginning Delay Optimization Phase
  ----------------------------------

                                  TOTAL                                                  
   ELAPSED            WORST NEG   SETUP    DESIGN                              MIN DELAY 
    TIME      AREA      SLACK     COST    RULE COST         ENDPOINT             COST    
  --------- --------- --------- --------- --------- ------------------------- -----------
    0:00:11     703.3      0.00       0.0       0.0                                0.00  
    0:00:11     703.3      0.00       0.0       0.0                                0.00  
    0:00:11     680.7      0.00       0.0       0.7                                0.00  


  Beginning Design Rule Fixing  (max_transition)
  ----------------------------

                                  TOTAL                                                  
   ELAPSED            WORST NEG   SETUP    DESIGN                              MIN DELAY 
    TIME      AREA      SLACK     COST    RULE COST         ENDPOINT             COST    
  --------- --------- --------- --------- --------- ------------------------- -----------
    0:00:11     680.7      0.00       0.0       0.7                                0.00  
    0:00:12     703.3      0.00       0.0       0.0                                0.00  


  Beginning Area-Recovery Phase  (cleanup)
  -----------------------------

                                  TOTAL                                                  
   ELAPSED            WORST NEG   SETUP    DESIGN                              MIN DELAY 
    TIME      AREA      SLACK     COST    RULE COST         ENDPOINT             COST    
  --------- --------- --------- --------- --------- ------------------------- -----------
    0:00:12     703.3      0.00       0.0       0.0                                0.00  
    0:00:12     703.3      0.00       0.0       0.0                                0.00  
    0:00:12     691.7      0.01       0.0       0.0                                0.00  
    0:00:12     691.1      0.01       0.0       0.0                                0.00  
    0:00:12     690.4      0.01       0.0       0.0                                0.00  
    0:00:12     689.4      0.01       0.0       0.0                                0.00  
    0:00:12     688.1      0.01       0.0       0.0                                0.00  
    0:00:12     688.1      0.01       0.0       0.0                                0.00  
    0:00:12     689.5      0.00       0.0       0.0                                0.00  
    0:00:12     671.7      0.01       0.0       0.0                                0.00  
    0:00:12     669.3      0.01       0.0       0.0                                0.00  
    0:00:12     669.3      0.01       0.0       0.0                                0.00  
    0:00:12     669.3      0.01       0.0       0.0                                0.00  
    0:00:12     669.3      0.01       0.0       0.0                                0.00  
    0:00:12     669.3      0.01       0.0       0.0                                0.00  
    0:00:12     669.3      0.01       0.0       0.0                                0.00  
    0:00:12     672.1      0.00       0.0       0.0                                0.00  


Note: Symbol # after min delay cost means estimated hold TNS across all active scenarios 


  Optimization Complete
  ---------------------
1
check_design
1
#############################################
# Take a look at area, max, and min timings #
#############################################
report_area > acc_area.txt
report_power > acc_power.txt
report_timing -delay min > acc_min_delay.txt
report_timing -delay max > acc_max_delay.txt
#### write out final netlist ######
write -format verilog acc -output acc.vg
Writing verilog file '/filespace/d/dwu94/Project/uSystolic-Sim/synthesis/8bit/unaryrate/acc.vg'.
1
exit
Memory usage for this session 407 Mbytes.
Memory usage for this session including child processes 407 Mbytes.
CPU usage for this session 12 seconds ( 0.00 hours ).
Elapsed time for this session 15 seconds ( 0.00 hours ).

Thank you...
